This file contains any messages produced by compilers while
running configure, to aid debugging if configure makes a mistake.

It was created by PrBoom-Plus configure 2.5.1.3, which was
generated by GNU Autoconf 2.68.  Invocation command line was

  $ ./configure 

## --------- ##
## Platform. ##
## --------- ##

hostname = stevepro-VirtualBox
uname -m = x86_64
uname -r = 5.4.0-40-generic
uname -s = Linux
uname -v = #44-Ubuntu SMP Tue Jun 23 00:01:04 UTC 2020

/usr/bin/uname -p = unknown
/bin/uname -X     = unknown

/bin/arch              = unknown
/usr/bin/arch -k       = unknown
/usr/convex/getsysinfo = unknown
/usr/bin/hostinfo      = unknown
/bin/machine           = unknown
/usr/bin/oslevel       = unknown
/bin/universe          = unknown

PATH: /home/stevepro/bin
PATH: /home/stevepro/.local/bin
PATH: /anaconda3/bin
PATH: /anaconda3/condabin
PATH: /usr/local/sbin
PATH: /usr/local/bin
PATH: /usr/sbin
PATH: /usr/bin
PATH: /sbin
PATH: /bin
PATH: /usr/games
PATH: /usr/local/games
PATH: /anaconda3/bin
PATH: /snap/bin
PATH: /opt/netbeans/bin/


## ----------- ##
## Core tests. ##
## ----------- ##

configure:2338: checking build system type
configure:2352: result: x86_64-unknown-linux-gnu
configure:2372: checking host system type
configure:2385: result: x86_64-unknown-linux-gnu
configure:2405: checking target system type
configure:2418: result: x86_64-unknown-linux-gnu
configure:2461: checking for a BSD-compatible install
configure:2529: result: /usr/bin/install -c
configure:2540: checking whether build environment is sane
configure:2590: result: yes
configure:2731: checking for a thread-safe mkdir -p
configure:2770: result: /bin/mkdir -p
configure:2783: checking for gawk
configure:2799: found /usr/bin/gawk
configure:2810: result: gawk
configure:2821: checking whether make sets $(MAKE)
configure:2843: result: yes
configure:2936: checking whether to disable maintainer-specific portions of Makefiles
configure:2945: result: yes
configure:3026: checking for gcc
configure:3042: found /usr/bin/gcc
configure:3053: result: gcc
configure:3282: checking for C compiler version
configure:3291: gcc --version >&5
gcc (Ubuntu 9.3.0-10ubuntu2) 9.3.0
Copyright (C) 2019 Free Software Foundation, Inc.
This is free software; see the source for copying conditions.  There is NO
warranty; not even for MERCHANTABILITY or FITNESS FOR A PARTICULAR PURPOSE.

configure:3302: $? = 0
configure:3291: gcc -v >&5
Using built-in specs.
COLLECT_GCC=gcc
COLLECT_LTO_WRAPPER=/usr/lib/gcc/x86_64-linux-gnu/9/lto-wrapper
OFFLOAD_TARGET_NAMES=nvptx-none:hsa
OFFLOAD_TARGET_DEFAULT=1
Target: x86_64-linux-gnu
Configured with: ../src/configure -v --with-pkgversion='Ubuntu 9.3.0-10ubuntu2' --with-bugurl=file:///usr/share/doc/gcc-9/README.Bugs --enable-languages=c,ada,c++,go,brig,d,fortran,objc,obj-c++,gm2 --prefix=/usr --with-gcc-major-version-only --program-suffix=-9 --program-prefix=x86_64-linux-gnu- --enable-shared --enable-linker-build-id --libexecdir=/usr/lib --without-included-gettext --enable-threads=posix --libdir=/usr/lib --enable-nls --enable-clocale=gnu --enable-libstdcxx-debug --enable-libstdcxx-time=yes --with-default-libstdcxx-abi=new --enable-gnu-unique-object --disable-vtable-verify --enable-plugin --enable-default-pie --with-system-zlib --with-target-system-zlib=auto --enable-objc-gc=auto --enable-multiarch --disable-werror --with-arch-32=i686 --with-abi=m64 --with-multilib-list=m32,m64,mx32 --enable-multilib --with-tune=generic --enable-offload-targets=nvptx-none,hsa --without-cuda-driver --enable-checking=release --build=x86_64-linux-gnu --host=x86_64-linux-gnu --target=x86_64-linux-gnu
Thread model: posix
gcc version 9.3.0 (Ubuntu 9.3.0-10ubuntu2) 
configure:3302: $? = 0
configure:3291: gcc -V >&5
gcc: error: unrecognized command line option '-V'
gcc: fatal error: no input files
compilation terminated.
configure:3302: $? = 1
configure:3291: gcc -qversion >&5
gcc: error: unrecognized command line option '-qversion'; did you mean '--version'?
gcc: fatal error: no input files
compilation terminated.
configure:3302: $? = 1
configure:3322: checking whether the C compiler works
configure:3344: gcc    conftest.c  >&5
configure:3348: $? = 0
configure:3396: result: yes
configure:3399: checking for C compiler default output file name
configure:3401: result: a.out
configure:3407: checking for suffix of executables
configure:3414: gcc -o conftest    conftest.c  >&5
configure:3418: $? = 0
configure:3440: result: 
configure:3462: checking whether we are cross compiling
configure:3470: gcc -o conftest    conftest.c  >&5
configure:3474: $? = 0
configure:3481: ./conftest
configure:3485: $? = 0
configure:3473: result: no
configure:3478: checking for suffix of object files
configure:3500: gcc -c   conftest.c >&5
configure:3504: $? = 0
configure:3525: result: o
configure:3529: checking whether we are using the GNU C compiler
configure:3548: gcc -c   conftest.c >&5
configure:3548: $? = 0
configure:3557: result: yes
configure:3566: checking whether gcc accepts -g
configure:3586: gcc -c -g  conftest.c >&5
configure:3586: $? = 0
configure:3627: result: yes
configure:3644: checking for gcc option to accept ISO C89
configure:3708: gcc  -c -g -O2  conftest.c >&5
configure:3708: $? = 0
configure:3721: result: none needed
configure:3752: checking for style of include used by make
configure:3780: result: GNU
configure:3805: checking dependency style of gcc
configure:3915: result: gcc3
configure:3930: checking whether ln -s works
configure:3934: result: yes
configure:3984: checking for ranlib
configure:4000: found /usr/bin/ranlib
configure:4011: result: ranlib
configure:4039: checking how to run the C preprocessor
configure:4070: gcc -E  conftest.c
configure:4070: $? = 0
configure:4084: gcc -E  conftest.c
conftest.c:12:10: fatal error: ac_nonexistent.h: No such file or directory
   12 | #include <ac_nonexistent.h>
      |          ^~~~~~~~~~~~~~~~~~
compilation terminated.
configure:4084: $? = 1
configure: failed program was:
| /* confdefs.h */
| #define PACKAGE_NAME "PrBoom-Plus"
| #define PACKAGE_TARNAME "prboom-plus"
| #define PACKAGE_VERSION "2.5.1.3"
| #define PACKAGE_STRING "PrBoom-Plus 2.5.1.3"
| #define PACKAGE_BUGREPORT ""
| #define PACKAGE_URL ""
| #define PACKAGE "prboom-plus"
| #define VERSION "2.5.1.3"
| #define DOOMWADDIR "/usr/local/share/games/doom"
| /* end confdefs.h.  */
| #include <ac_nonexistent.h>
configure:4109: result: gcc -E
configure:4129: gcc -E  conftest.c
configure:4129: $? = 0
configure:4143: gcc -E  conftest.c
conftest.c:12:10: fatal error: ac_nonexistent.h: No such file or directory
   12 | #include <ac_nonexistent.h>
      |          ^~~~~~~~~~~~~~~~~~
compilation terminated.
configure:4143: $? = 1
configure: failed program was:
| /* confdefs.h */
| #define PACKAGE_NAME "PrBoom-Plus"
| #define PACKAGE_TARNAME "prboom-plus"
| #define PACKAGE_VERSION "2.5.1.3"
| #define PACKAGE_STRING "PrBoom-Plus 2.5.1.3"
| #define PACKAGE_BUGREPORT ""
| #define PACKAGE_URL ""
| #define PACKAGE "prboom-plus"
| #define VERSION "2.5.1.3"
| #define DOOMWADDIR "/usr/local/share/games/doom"
| /* end confdefs.h.  */
| #include <ac_nonexistent.h>
configure:4172: checking for grep that handles long lines and -e
configure:4230: result: /bin/grep
configure:4235: checking for egrep
configure:4297: result: /bin/grep -E
configure:4302: checking for ANSI C header files
configure:4322: gcc -c -g -O2  conftest.c >&5
configure:4322: $? = 0
configure:4395: gcc -o conftest -g -O2   conftest.c  >&5
configure:4395: $? = 0
configure:4395: ./conftest
configure:4395: $? = 0
configure:4406: result: yes
configure:4419: checking for sys/types.h
configure:4419: gcc -c -g -O2  conftest.c >&5
configure:4419: $? = 0
configure:4419: result: yes
configure:4419: checking for sys/stat.h
configure:4419: gcc -c -g -O2  conftest.c >&5
configure:4419: $? = 0
configure:4419: result: yes
configure:4419: checking for stdlib.h
configure:4419: gcc -c -g -O2  conftest.c >&5
configure:4419: $? = 0
configure:4419: result: yes
configure:4419: checking for string.h
configure:4419: gcc -c -g -O2  conftest.c >&5
configure:4419: $? = 0
configure:4419: result: yes
configure:4419: checking for memory.h
configure:4419: gcc -c -g -O2  conftest.c >&5
configure:4419: $? = 0
configure:4419: result: yes
configure:4419: checking for strings.h
configure:4419: gcc -c -g -O2  conftest.c >&5
configure:4419: $? = 0
configure:4419: result: yes
configure:4419: checking for inttypes.h
configure:4419: gcc -c -g -O2  conftest.c >&5
configure:4419: $? = 0
configure:4419: result: yes
configure:4419: checking for stdint.h
configure:4419: gcc -c -g -O2  conftest.c >&5
configure:4419: $? = 0
configure:4419: result: yes
configure:4419: checking for unistd.h
configure:4419: gcc -c -g -O2  conftest.c >&5
configure:4419: $? = 0
configure:4419: result: yes
configure:4432: checking minix/config.h usability
configure:4432: gcc -c -g -O2  conftest.c >&5
conftest.c:55:10: fatal error: minix/config.h: No such file or directory
   55 | #include <minix/config.h>
      |          ^~~~~~~~~~~~~~~~
compilation terminated.
configure:4432: $? = 1
configure: failed program was:
| /* confdefs.h */
| #define PACKAGE_NAME "PrBoom-Plus"
| #define PACKAGE_TARNAME "prboom-plus"
| #define PACKAGE_VERSION "2.5.1.3"
| #define PACKAGE_STRING "PrBoom-Plus 2.5.1.3"
| #define PACKAGE_BUGREPORT ""
| #define PACKAGE_URL ""
| #define PACKAGE "prboom-plus"
| #define VERSION "2.5.1.3"
| #define DOOMWADDIR "/usr/local/share/games/doom"
| #define STDC_HEADERS 1
| #define HAVE_SYS_TYPES_H 1
| #define HAVE_SYS_STAT_H 1
| #define HAVE_STDLIB_H 1
| #define HAVE_STRING_H 1
| #define HAVE_MEMORY_H 1
| #define HAVE_STRINGS_H 1
| #define HAVE_INTTYPES_H 1
| #define HAVE_STDINT_H 1
| #define HAVE_UNISTD_H 1
| /* end confdefs.h.  */
| #include <stdio.h>
| #ifdef HAVE_SYS_TYPES_H
| # include <sys/types.h>
| #endif
| #ifdef HAVE_SYS_STAT_H
| # include <sys/stat.h>
| #endif
| #ifdef STDC_HEADERS
| # include <stdlib.h>
| # include <stddef.h>
| #else
| # ifdef HAVE_STDLIB_H
| #  include <stdlib.h>
| # endif
| #endif
| #ifdef HAVE_STRING_H
| # if !defined STDC_HEADERS && defined HAVE_MEMORY_H
| #  include <memory.h>
| # endif
| # include <string.h>
| #endif
| #ifdef HAVE_STRINGS_H
| # include <strings.h>
| #endif
| #ifdef HAVE_INTTYPES_H
| # include <inttypes.h>
| #endif
| #ifdef HAVE_STDINT_H
| # include <stdint.h>
| #endif
| #ifdef HAVE_UNISTD_H
| # include <unistd.h>
| #endif
| #include <minix/config.h>
configure:4432: result: no
configure:4432: checking minix/config.h presence
configure:4432: gcc -E  conftest.c
conftest.c:22:10: fatal error: minix/config.h: No such file or directory
   22 | #include <minix/config.h>
      |          ^~~~~~~~~~~~~~~~
compilation terminated.
configure:4432: $? = 1
configure: failed program was:
| /* confdefs.h */
| #define PACKAGE_NAME "PrBoom-Plus"
| #define PACKAGE_TARNAME "prboom-plus"
| #define PACKAGE_VERSION "2.5.1.3"
| #define PACKAGE_STRING "PrBoom-Plus 2.5.1.3"
| #define PACKAGE_BUGREPORT ""
| #define PACKAGE_URL ""
| #define PACKAGE "prboom-plus"
| #define VERSION "2.5.1.3"
| #define DOOMWADDIR "/usr/local/share/games/doom"
| #define STDC_HEADERS 1
| #define HAVE_SYS_TYPES_H 1
| #define HAVE_SYS_STAT_H 1
| #define HAVE_STDLIB_H 1
| #define HAVE_STRING_H 1
| #define HAVE_MEMORY_H 1
| #define HAVE_STRINGS_H 1
| #define HAVE_INTTYPES_H 1
| #define HAVE_STDINT_H 1
| #define HAVE_UNISTD_H 1
| /* end confdefs.h.  */
| #include <minix/config.h>
configure:4432: result: no
configure:4432: checking for minix/config.h
configure:4432: result: no
configure:4453: checking whether it is safe to define __EXTENSIONS__
configure:4471: gcc -c -g -O2  conftest.c >&5
configure:4471: $? = 0
configure:4478: result: yes
configure:4511: checking whether compiler supports -Wall
configure:4527: gcc -c -g -O2 -Wall  conftest.c >&5
conftest.c:33:8: warning: 'f' defined but not used [-Wunused-function]
   33 |   void f() {};
      |        ^
configure:4527: $? = 0
configure:4530: result: yes
configure:4511: checking whether compiler supports -Wextra
configure:4527: gcc -c -g -O2 -Wall -Wextra  conftest.c >&5
conftest.c:33:8: warning: 'f' defined but not used [-Wunused-function]
   33 |   void f() {};
      |        ^
configure:4527: $? = 0
configure:4530: result: yes
configure:4511: checking whether compiler supports -Wno-missing-field-initializers
configure:4527: gcc -c -g -O2 -Wall -Wextra -Wno-missing-field-initializers  conftest.c >&5
conftest.c:33:8: warning: 'f' defined but not used [-Wunused-function]
   33 |   void f() {};
      |        ^
configure:4527: $? = 0
configure:4530: result: yes
configure:4511: checking whether compiler supports -Wwrite-strings
configure:4527: gcc -c -g -O2 -Wall -Wextra -Wno-missing-field-initializers -Wwrite-strings  conftest.c >&5
conftest.c:33:8: warning: 'f' defined but not used [-Wunused-function]
   33 |   void f() {};
      |        ^
configure:4527: $? = 0
configure:4530: result: yes
configure:4511: checking whether compiler supports -Wundef
configure:4527: gcc -c -g -O2 -Wall -Wextra -Wno-missing-field-initializers -Wwrite-strings -Wundef  conftest.c >&5
conftest.c:33:8: warning: 'f' defined but not used [-Wunused-function]
   33 |   void f() {};
      |        ^
configure:4527: $? = 0
configure:4530: result: yes
configure:4511: checking whether compiler supports -Wbad-function-cast
configure:4527: gcc -c -g -O2 -Wall -Wextra -Wno-missing-field-initializers -Wwrite-strings -Wundef -Wbad-function-cast  conftest.c >&5
conftest.c:33:8: warning: 'f' defined but not used [-Wunused-function]
   33 |   void f() {};
      |        ^
configure:4527: $? = 0
configure:4530: result: yes
configure:4511: checking whether compiler supports -Wcast-align
configure:4527: gcc -c -g -O2 -Wall -Wextra -Wno-missing-field-initializers -Wwrite-strings -Wundef -Wbad-function-cast -Wcast-align  conftest.c >&5
conftest.c:33:8: warning: 'f' defined but not used [-Wunused-function]
   33 |   void f() {};
      |        ^
configure:4527: $? = 0
configure:4530: result: yes
configure:4511: checking whether compiler supports -Wcast-qual
configure:4527: gcc -c -g -O2 -Wall -Wextra -Wno-missing-field-initializers -Wwrite-strings -Wundef -Wbad-function-cast -Wcast-align -Wcast-qual  conftest.c >&5
conftest.c:33:8: warning: 'f' defined but not used [-Wunused-function]
   33 |   void f() {};
      |        ^
configure:4527: $? = 0
configure:4530: result: yes
configure:4511: checking whether compiler supports -Wdeclaration-after-statement
configure:4527: gcc -c -g -O2 -Wall -Wextra -Wno-missing-field-initializers -Wwrite-strings -Wundef -Wbad-function-cast -Wcast-align -Wcast-qual -Wdeclaration-after-statement  conftest.c >&5
conftest.c:33:8: warning: 'f' defined but not used [-Wunused-function]
   33 |   void f() {};
      |        ^
configure:4527: $? = 0
configure:4530: result: yes
configure:4511: checking whether compiler supports -Wpointer-arith
configure:4527: gcc -c -g -O2 -Wall -Wextra -Wno-missing-field-initializers -Wwrite-strings -Wundef -Wbad-function-cast -Wcast-align -Wcast-qual -Wdeclaration-after-statement -Wpointer-arith  conftest.c >&5
conftest.c:33:8: warning: 'f' defined but not used [-Wunused-function]
   33 |   void f() {};
      |        ^
configure:4527: $? = 0
configure:4530: result: yes
configure:4511: checking whether compiler supports -ffast-math
configure:4527: gcc -c -g -O2 -Wall -Wextra -Wno-missing-field-initializers -Wwrite-strings -Wundef -Wbad-function-cast -Wcast-align -Wcast-qual -Wdeclaration-after-statement -Wpointer-arith -ffast-math  conftest.c >&5
conftest.c:33:8: warning: 'f' defined but not used [-Wunused-function]
   33 |   void f() {};
      |        ^
configure:4527: $? = 0
configure:4530: result: yes
configure:4554: checking whether compiler supports -Wno-unused
configure:4570: gcc -c -g -O2 -Wall -Wextra -Wno-missing-field-initializers -Wwrite-strings -Wundef -Wbad-function-cast -Wcast-align -Wcast-qual -Wdeclaration-after-statement -Wpointer-arith -ffast-math -Wno-unused  conftest.c >&5
configure:4570: $? = 0
configure:4573: result: yes
configure:4554: checking whether compiler supports -Wno-switch
configure:4570: gcc -c -g -O2 -Wall -Wextra -Wno-missing-field-initializers -Wwrite-strings -Wundef -Wbad-function-cast -Wcast-align -Wcast-qual -Wdeclaration-after-statement -Wpointer-arith -ffast-math -Wno-unused -Wno-switch  conftest.c >&5
configure:4570: $? = 0
configure:4573: result: yes
configure:4554: checking whether compiler supports -Wno-sign-compare
configure:4570: gcc -c -g -O2 -Wall -Wextra -Wno-missing-field-initializers -Wwrite-strings -Wundef -Wbad-function-cast -Wcast-align -Wcast-qual -Wdeclaration-after-statement -Wpointer-arith -ffast-math -Wno-unused -Wno-switch -Wno-sign-compare  conftest.c >&5
configure:4570: $? = 0
configure:4573: result: yes
configure:4554: checking whether compiler supports -Wno-pointer-sign
configure:4570: gcc -c -g -O2 -Wall -Wextra -Wno-missing-field-initializers -Wwrite-strings -Wundef -Wbad-function-cast -Wcast-align -Wcast-qual -Wdeclaration-after-statement -Wpointer-arith -ffast-math -Wno-unused -Wno-switch -Wno-sign-compare -Wno-pointer-sign  conftest.c >&5
configure:4570: $? = 0
configure:4573: result: yes
configure:4641: checking if malloc debugging is wanted
configure:4659: result: no
configure:4673: checking whether compiler supports -march=native
configure:4690: gcc -c -g -O2 -Wall -Wextra -Wno-missing-field-initializers -Wwrite-strings -Wundef -Wbad-function-cast -Wcast-align -Wcast-qual -Wdeclaration-after-statement -Wpointer-arith -ffast-math -Wno-unused -Wno-switch -Wno-sign-compare -Wno-pointer-sign -march=native  conftest.c >&5
configure:4690: $? = 0
configure:4692: result: yes
configure:4755: checking whether compiler supports -O2
configure:4771: gcc -c -g -O2 -Wall -Wextra -Wno-missing-field-initializers -Wwrite-strings -Wundef -Wbad-function-cast -Wcast-align -Wcast-qual -Wdeclaration-after-statement -Wpointer-arith -ffast-math -Wno-unused -Wno-switch -Wno-sign-compare -Wno-pointer-sign -march=native -O2  conftest.c >&5
configure:4771: $? = 0
configure:4774: result: yes
configure:4755: checking whether compiler supports -fomit-frame-pointer
configure:4771: gcc -c -g -O2 -Wall -Wextra -Wno-missing-field-initializers -Wwrite-strings -Wundef -Wbad-function-cast -Wcast-align -Wcast-qual -Wdeclaration-after-statement -Wpointer-arith -ffast-math -Wno-unused -Wno-switch -Wno-sign-compare -Wno-pointer-sign -march=native -O2 -fomit-frame-pointer  conftest.c >&5
configure:4771: $? = 0
configure:4774: result: yes
configure:4787: checking for an ANSI C-conforming const
configure:4852: gcc -c -g -O2 -Wall -Wextra -Wno-missing-field-initializers -Wwrite-strings -Wundef -Wbad-function-cast -Wcast-align -Wcast-qual -Wdeclaration-after-statement -Wpointer-arith -ffast-math -Wno-unused -Wno-switch -Wno-sign-compare -Wno-pointer-sign -march=native -O2 -fomit-frame-pointer -I$(top_srcdir)/src  conftest.c >&5
conftest.c: In function 'main':
conftest.c:51:9: warning: cast discards 'const' qualifier from pointer target type [-Wcast-qual]
   51 |   ppc = (char**) pcpcc;
      |         ^
conftest.c:57:7: warning: 't' is used uninitialized in this function [-Wuninitialized]
   57 |     *t++ = 0;
      |      ~^~
conftest.c:73:23: warning: 'b' is used uninitialized in this function [-Wuninitialized]
   73 |     struct s *b; b->j = 5;
      |                  ~~~~~^~~
conftest.c:79:13: warning: 'cs[0]' is used uninitialized in this function [-Wuninitialized]
   79 |   return !cs[0] && !zero.x;
      |           ~~^~~
configure:4852: $? = 0
configure:4859: result: yes
configure:4867: checking for inline
configure:4883: gcc -c -g -O2 -Wall -Wextra -Wno-missing-field-initializers -Wwrite-strings -Wundef -Wbad-function-cast -Wcast-align -Wcast-qual -Wdeclaration-after-statement -Wpointer-arith -ffast-math -Wno-unused -Wno-switch -Wno-sign-compare -Wno-pointer-sign -march=native -O2 -fomit-frame-pointer -I$(top_srcdir)/src  conftest.c >&5
configure:4883: $? = 0
configure:4891: result: inline
configure:4910: checking whether byte ordering is bigendian
configure:4925: gcc -c -g -O2 -Wall -Wextra -Wno-missing-field-initializers -Wwrite-strings -Wundef -Wbad-function-cast -Wcast-align -Wcast-qual -Wdeclaration-after-statement -Wpointer-arith -ffast-math -Wno-unused -Wno-switch -Wno-sign-compare -Wno-pointer-sign -march=native -O2 -fomit-frame-pointer -I$(top_srcdir)/src  conftest.c >&5
conftest.c:29:9: error: unknown type name 'not'
   29 |         not a universal capable compiler
      |         ^~~
conftest.c:29:15: error: expected '=', ',', ';', 'asm' or '__attribute__' before 'universal'
   29 |         not a universal capable compiler
      |               ^~~~~~~~~
conftest.c:29:15: error: unknown type name 'universal'
configure:4925: $? = 1
configure: failed program was:
| /* confdefs.h */
| #define PACKAGE_NAME "PrBoom-Plus"
| #define PACKAGE_TARNAME "prboom-plus"
| #define PACKAGE_VERSION "2.5.1.3"
| #define PACKAGE_STRING "PrBoom-Plus 2.5.1.3"
| #define PACKAGE_BUGREPORT ""
| #define PACKAGE_URL ""
| #define PACKAGE "prboom-plus"
| #define VERSION "2.5.1.3"
| #define DOOMWADDIR "/usr/local/share/games/doom"
| #define STDC_HEADERS 1
| #define HAVE_SYS_TYPES_H 1
| #define HAVE_SYS_STAT_H 1
| #define HAVE_STDLIB_H 1
| #define HAVE_STRING_H 1
| #define HAVE_MEMORY_H 1
| #define HAVE_STRINGS_H 1
| #define HAVE_INTTYPES_H 1
| #define HAVE_STDINT_H 1
| #define HAVE_UNISTD_H 1
| #define __EXTENSIONS__ 1
| #define _ALL_SOURCE 1
| #define _GNU_SOURCE 1
| #define _POSIX_PTHREAD_SEMANTICS 1
| #define _TANDEM_SOURCE 1
| #define PACKEDATTR __attribute__((packed))
| /* end confdefs.h.  */
| #ifndef __APPLE_CC__
| 	       not a universal capable compiler
| 	     #endif
| 	     typedef int dummy;
| 
configure:4970: gcc -c -g -O2 -Wall -Wextra -Wno-missing-field-initializers -Wwrite-strings -Wundef -Wbad-function-cast -Wcast-align -Wcast-qual -Wdeclaration-after-statement -Wpointer-arith -ffast-math -Wno-unused -Wno-switch -Wno-sign-compare -Wno-pointer-sign -march=native -O2 -fomit-frame-pointer -I$(top_srcdir)/src  conftest.c >&5
configure:4970: $? = 0
configure:4988: gcc -c -g -O2 -Wall -Wextra -Wno-missing-field-initializers -Wwrite-strings -Wundef -Wbad-function-cast -Wcast-align -Wcast-qual -Wdeclaration-after-statement -Wpointer-arith -ffast-math -Wno-unused -Wno-switch -Wno-sign-compare -Wno-pointer-sign -march=native -O2 -fomit-frame-pointer -I$(top_srcdir)/src  conftest.c >&5
conftest.c: In function 'main':
conftest.c:35:4: error: unknown type name 'not'; did you mean 'ino_t'?
   35 |    not big endian
      |    ^~~
      |    ino_t
conftest.c:35:12: error: expected '=', ',', ';', 'asm' or '__attribute__' before 'endian'
   35 |    not big endian
      |            ^~~~~~
configure:4988: $? = 1
configure: failed program was:
| /* confdefs.h */
| #define PACKAGE_NAME "PrBoom-Plus"
| #define PACKAGE_TARNAME "prboom-plus"
| #define PACKAGE_VERSION "2.5.1.3"
| #define PACKAGE_STRING "PrBoom-Plus 2.5.1.3"
| #define PACKAGE_BUGREPORT ""
| #define PACKAGE_URL ""
| #define PACKAGE "prboom-plus"
| #define VERSION "2.5.1.3"
| #define DOOMWADDIR "/usr/local/share/games/doom"
| #define STDC_HEADERS 1
| #define HAVE_SYS_TYPES_H 1
| #define HAVE_SYS_STAT_H 1
| #define HAVE_STDLIB_H 1
| #define HAVE_STRING_H 1
| #define HAVE_MEMORY_H 1
| #define HAVE_STRINGS_H 1
| #define HAVE_INTTYPES_H 1
| #define HAVE_STDINT_H 1
| #define HAVE_UNISTD_H 1
| #define __EXTENSIONS__ 1
| #define _ALL_SOURCE 1
| #define _GNU_SOURCE 1
| #define _POSIX_PTHREAD_SEMANTICS 1
| #define _TANDEM_SOURCE 1
| #define PACKEDATTR __attribute__((packed))
| /* end confdefs.h.  */
| #include <sys/types.h>
| 		#include <sys/param.h>
| 
| int
| main ()
| {
| #if BYTE_ORDER != BIG_ENDIAN
| 		 not big endian
| 		#endif
| 
|   ;
|   return 0;
| }
configure:5116: result: no
configure:5136: checking for uid_t in sys/types.h
configure:5155: result: yes
configure:5166: checking for size_t
configure:5166: gcc -c -g -O2 -Wall -Wextra -Wno-missing-field-initializers -Wwrite-strings -Wundef -Wbad-function-cast -Wcast-align -Wcast-qual -Wdeclaration-after-statement -Wpointer-arith -ffast-math -Wno-unused -Wno-switch -Wno-sign-compare -Wno-pointer-sign -march=native -O2 -fomit-frame-pointer -I$(top_srcdir)/src  conftest.c >&5
configure:5166: $? = 0
configure:5166: gcc -c -g -O2 -Wall -Wextra -Wno-missing-field-initializers -Wwrite-strings -Wundef -Wbad-function-cast -Wcast-align -Wcast-qual -Wdeclaration-after-statement -Wpointer-arith -ffast-math -Wno-unused -Wno-switch -Wno-sign-compare -Wno-pointer-sign -march=native -O2 -fomit-frame-pointer -I$(top_srcdir)/src  conftest.c >&5
conftest.c: In function 'main':
conftest.c:64:21: error: expected expression before ')' token
   64 | if (sizeof ((size_t)))
      |                     ^
configure:5166: $? = 1
configure: failed program was:
| /* confdefs.h */
| #define PACKAGE_NAME "PrBoom-Plus"
| #define PACKAGE_TARNAME "prboom-plus"
| #define PACKAGE_VERSION "2.5.1.3"
| #define PACKAGE_STRING "PrBoom-Plus 2.5.1.3"
| #define PACKAGE_BUGREPORT ""
| #define PACKAGE_URL ""
| #define PACKAGE "prboom-plus"
| #define VERSION "2.5.1.3"
| #define DOOMWADDIR "/usr/local/share/games/doom"
| #define STDC_HEADERS 1
| #define HAVE_SYS_TYPES_H 1
| #define HAVE_SYS_STAT_H 1
| #define HAVE_STDLIB_H 1
| #define HAVE_STRING_H 1
| #define HAVE_MEMORY_H 1
| #define HAVE_STRINGS_H 1
| #define HAVE_INTTYPES_H 1
| #define HAVE_STDINT_H 1
| #define HAVE_UNISTD_H 1
| #define __EXTENSIONS__ 1
| #define _ALL_SOURCE 1
| #define _GNU_SOURCE 1
| #define _POSIX_PTHREAD_SEMANTICS 1
| #define _TANDEM_SOURCE 1
| #define PACKEDATTR __attribute__((packed))
| /* end confdefs.h.  */
| #include <stdio.h>
| #ifdef HAVE_SYS_TYPES_H
| # include <sys/types.h>
| #endif
| #ifdef HAVE_SYS_STAT_H
| # include <sys/stat.h>
| #endif
| #ifdef STDC_HEADERS
| # include <stdlib.h>
| # include <stddef.h>
| #else
| # ifdef HAVE_STDLIB_H
| #  include <stdlib.h>
| # endif
| #endif
| #ifdef HAVE_STRING_H
| # if !defined STDC_HEADERS && defined HAVE_MEMORY_H
| #  include <memory.h>
| # endif
| # include <string.h>
| #endif
| #ifdef HAVE_STRINGS_H
| # include <strings.h>
| #endif
| #ifdef HAVE_INTTYPES_H
| # include <inttypes.h>
| #endif
| #ifdef HAVE_STDINT_H
| # include <stdint.h>
| #endif
| #ifdef HAVE_UNISTD_H
| # include <unistd.h>
| #endif
| int
| main ()
| {
| if (sizeof ((size_t)))
| 	    return 0;
|   ;
|   return 0;
| }
configure:5166: result: yes
configure:5177: checking whether sys_siglist is declared
configure:5177: gcc -c -g -O2 -Wall -Wextra -Wno-missing-field-initializers -Wwrite-strings -Wundef -Wbad-function-cast -Wcast-align -Wcast-qual -Wdeclaration-after-statement -Wpointer-arith -ffast-math -Wno-unused -Wno-switch -Wno-sign-compare -Wno-pointer-sign -march=native -O2 -fomit-frame-pointer -I$(top_srcdir)/src  conftest.c >&5
configure:5177: $? = 0
configure:5177: result: yes
configure:5195: checking for sys/wait.h that is POSIX.1 compatible
configure:5221: gcc -c -g -O2 -Wall -Wextra -Wno-missing-field-initializers -Wwrite-strings -Wundef -Wbad-function-cast -Wcast-align -Wcast-qual -Wdeclaration-after-statement -Wpointer-arith -ffast-math -Wno-unused -Wno-switch -Wno-sign-compare -Wno-pointer-sign -march=native -O2 -fomit-frame-pointer -I$(top_srcdir)/src  conftest.c >&5
configure:5221: $? = 0
configure:5228: result: yes
configure:5239: checking for unistd.h
configure:5239: result: yes
configure:5239: checking asm/byteorder.h usability
configure:5239: gcc -c -g -O2 -Wall -Wextra -Wno-missing-field-initializers -Wwrite-strings -Wundef -Wbad-function-cast -Wcast-align -Wcast-qual -Wdeclaration-after-statement -Wpointer-arith -ffast-math -Wno-unused -Wno-switch -Wno-sign-compare -Wno-pointer-sign -march=native -O2 -fomit-frame-pointer -I$(top_srcdir)/src  conftest.c >&5
configure:5239: $? = 0
configure:5239: result: yes
configure:5239: checking asm/byteorder.h presence
configure:5239: gcc -E  conftest.c
configure:5239: $? = 0
configure:5239: result: yes
configure:5239: checking for asm/byteorder.h
configure:5239: result: yes
configure:5239: checking sched.h usability
configure:5239: gcc -c -g -O2 -Wall -Wextra -Wno-missing-field-initializers -Wwrite-strings -Wundef -Wbad-function-cast -Wcast-align -Wcast-qual -Wdeclaration-after-statement -Wpointer-arith -ffast-math -Wno-unused -Wno-switch -Wno-sign-compare -Wno-pointer-sign -march=native -O2 -fomit-frame-pointer -I$(top_srcdir)/src  conftest.c >&5
configure:5239: $? = 0
configure:5239: result: yes
configure:5239: checking sched.h presence
configure:5239: gcc -E  conftest.c
configure:5239: $? = 0
configure:5239: result: yes
configure:5239: checking for sched.h
configure:5239: result: yes
configure:5250: checking for stricmp
configure:5250: gcc -o conftest -g -O2 -Wall -Wextra -Wno-missing-field-initializers -Wwrite-strings -Wundef -Wbad-function-cast -Wcast-align -Wcast-qual -Wdeclaration-after-statement -Wpointer-arith -ffast-math -Wno-unused -Wno-switch -Wno-sign-compare -Wno-pointer-sign -march=native -O2 -fomit-frame-pointer -I$(top_srcdir)/src   conftest.c  >&5
/usr/bin/ld: /tmp/cciFYGEH.o: in function `main':
/home/stevepro/Steven/Doom/prboom-plus-2.5.1.3_VScode/conftest.c:67: undefined reference to `stricmp'
collect2: error: ld returned 1 exit status
configure:5250: $? = 1
configure: failed program was:
| /* confdefs.h */
| #define PACKAGE_NAME "PrBoom-Plus"
| #define PACKAGE_TARNAME "prboom-plus"
| #define PACKAGE_VERSION "2.5.1.3"
| #define PACKAGE_STRING "PrBoom-Plus 2.5.1.3"
| #define PACKAGE_BUGREPORT ""
| #define PACKAGE_URL ""
| #define PACKAGE "prboom-plus"
| #define VERSION "2.5.1.3"
| #define DOOMWADDIR "/usr/local/share/games/doom"
| #define STDC_HEADERS 1
| #define HAVE_SYS_TYPES_H 1
| #define HAVE_SYS_STAT_H 1
| #define HAVE_STDLIB_H 1
| #define HAVE_STRING_H 1
| #define HAVE_MEMORY_H 1
| #define HAVE_STRINGS_H 1
| #define HAVE_INTTYPES_H 1
| #define HAVE_STDINT_H 1
| #define HAVE_UNISTD_H 1
| #define __EXTENSIONS__ 1
| #define _ALL_SOURCE 1
| #define _GNU_SOURCE 1
| #define _POSIX_PTHREAD_SEMANTICS 1
| #define _TANDEM_SOURCE 1
| #define PACKEDATTR __attribute__((packed))
| #define HAVE_DECL_SYS_SIGLIST 1
| #define HAVE_SYS_WAIT_H 1
| #define HAVE_UNISTD_H 1
| #define HAVE_ASM_BYTEORDER_H 1
| #define HAVE_SCHED_H 1
| /* end confdefs.h.  */
| /* Define stricmp to an innocuous variant, in case <limits.h> declares stricmp.
|    For example, HP-UX 11i <limits.h> declares gettimeofday.  */
| #define stricmp innocuous_stricmp
| 
| /* System header to define __stub macros and hopefully few prototypes,
|     which can conflict with char stricmp (); below.
|     Prefer <limits.h> to <assert.h> if __STDC__ is defined, since
|     <limits.h> exists even on freestanding compilers.  */
| 
| #ifdef __STDC__
| # include <limits.h>
| #else
| # include <assert.h>
| #endif
| 
| #undef stricmp
| 
| /* Override any GCC internal prototype to avoid an error.
|    Use char because int might match the return type of a GCC
|    builtin and then its argument prototype would still apply.  */
| #ifdef __cplusplus
| extern "C"
| #endif
| char stricmp ();
| /* The GNU C library defines this for functions which it implements
|     to always fail with ENOSYS.  Some functions are actually named
|     something starting with __ and the normal name is an alias.  */
| #if defined __stub_stricmp || defined __stub___stricmp
| choke me
| #endif
| 
| int
| main ()
| {
| return stricmp ();
|   ;
|   return 0;
| }
configure:5250: result: no
configure:5259: checking for strnicmp
configure:5259: gcc -o conftest -g -O2 -Wall -Wextra -Wno-missing-field-initializers -Wwrite-strings -Wundef -Wbad-function-cast -Wcast-align -Wcast-qual -Wdeclaration-after-statement -Wpointer-arith -ffast-math -Wno-unused -Wno-switch -Wno-sign-compare -Wno-pointer-sign -march=native -O2 -fomit-frame-pointer -I$(top_srcdir)/src   conftest.c  >&5
/usr/bin/ld: /tmp/ccxzPucM.o: in function `main':
/home/stevepro/Steven/Doom/prboom-plus-2.5.1.3_VScode/conftest.c:68: undefined reference to `strnicmp'
collect2: error: ld returned 1 exit status
configure:5259: $? = 1
configure: failed program was:
| /* confdefs.h */
| #define PACKAGE_NAME "PrBoom-Plus"
| #define PACKAGE_TARNAME "prboom-plus"
| #define PACKAGE_VERSION "2.5.1.3"
| #define PACKAGE_STRING "PrBoom-Plus 2.5.1.3"
| #define PACKAGE_BUGREPORT ""
| #define PACKAGE_URL ""
| #define PACKAGE "prboom-plus"
| #define VERSION "2.5.1.3"
| #define DOOMWADDIR "/usr/local/share/games/doom"
| #define STDC_HEADERS 1
| #define HAVE_SYS_TYPES_H 1
| #define HAVE_SYS_STAT_H 1
| #define HAVE_STDLIB_H 1
| #define HAVE_STRING_H 1
| #define HAVE_MEMORY_H 1
| #define HAVE_STRINGS_H 1
| #define HAVE_INTTYPES_H 1
| #define HAVE_STDINT_H 1
| #define HAVE_UNISTD_H 1
| #define __EXTENSIONS__ 1
| #define _ALL_SOURCE 1
| #define _GNU_SOURCE 1
| #define _POSIX_PTHREAD_SEMANTICS 1
| #define _TANDEM_SOURCE 1
| #define PACKEDATTR __attribute__((packed))
| #define HAVE_DECL_SYS_SIGLIST 1
| #define HAVE_SYS_WAIT_H 1
| #define HAVE_UNISTD_H 1
| #define HAVE_ASM_BYTEORDER_H 1
| #define HAVE_SCHED_H 1
| #define stricmp strcasecmp
| /* end confdefs.h.  */
| /* Define strnicmp to an innocuous variant, in case <limits.h> declares strnicmp.
|    For example, HP-UX 11i <limits.h> declares gettimeofday.  */
| #define strnicmp innocuous_strnicmp
| 
| /* System header to define __stub macros and hopefully few prototypes,
|     which can conflict with char strnicmp (); below.
|     Prefer <limits.h> to <assert.h> if __STDC__ is defined, since
|     <limits.h> exists even on freestanding compilers.  */
| 
| #ifdef __STDC__
| # include <limits.h>
| #else
| # include <assert.h>
| #endif
| 
| #undef strnicmp
| 
| /* Override any GCC internal prototype to avoid an error.
|    Use char because int might match the return type of a GCC
|    builtin and then its argument prototype would still apply.  */
| #ifdef __cplusplus
| extern "C"
| #endif
| char strnicmp ();
| /* The GNU C library defines this for functions which it implements
|     to always fail with ENOSYS.  Some functions are actually named
|     something starting with __ and the normal name is an alias.  */
| #if defined __stub_strnicmp || defined __stub___strnicmp
| choke me
| #endif
| 
| int
| main ()
| {
| return strnicmp ();
|   ;
|   return 0;
| }
configure:5259: result: no
configure:5268: checking for min
configure:5268: gcc -o conftest -g -O2 -Wall -Wextra -Wno-missing-field-initializers -Wwrite-strings -Wundef -Wbad-function-cast -Wcast-align -Wcast-qual -Wdeclaration-after-statement -Wpointer-arith -ffast-math -Wno-unused -Wno-switch -Wno-sign-compare -Wno-pointer-sign -march=native -O2 -fomit-frame-pointer -I$(top_srcdir)/src   conftest.c  >&5
/usr/bin/ld: /tmp/cc2DEbLO.o: in function `main':
/home/stevepro/Steven/Doom/prboom-plus-2.5.1.3_VScode/conftest.c:69: undefined reference to `min'
collect2: error: ld returned 1 exit status
configure:5268: $? = 1
configure: failed program was:
| /* confdefs.h */
| #define PACKAGE_NAME "PrBoom-Plus"
| #define PACKAGE_TARNAME "prboom-plus"
| #define PACKAGE_VERSION "2.5.1.3"
| #define PACKAGE_STRING "PrBoom-Plus 2.5.1.3"
| #define PACKAGE_BUGREPORT ""
| #define PACKAGE_URL ""
| #define PACKAGE "prboom-plus"
| #define VERSION "2.5.1.3"
| #define DOOMWADDIR "/usr/local/share/games/doom"
| #define STDC_HEADERS 1
| #define HAVE_SYS_TYPES_H 1
| #define HAVE_SYS_STAT_H 1
| #define HAVE_STDLIB_H 1
| #define HAVE_STRING_H 1
| #define HAVE_MEMORY_H 1
| #define HAVE_STRINGS_H 1
| #define HAVE_INTTYPES_H 1
| #define HAVE_STDINT_H 1
| #define HAVE_UNISTD_H 1
| #define __EXTENSIONS__ 1
| #define _ALL_SOURCE 1
| #define _GNU_SOURCE 1
| #define _POSIX_PTHREAD_SEMANTICS 1
| #define _TANDEM_SOURCE 1
| #define PACKEDATTR __attribute__((packed))
| #define HAVE_DECL_SYS_SIGLIST 1
| #define HAVE_SYS_WAIT_H 1
| #define HAVE_UNISTD_H 1
| #define HAVE_ASM_BYTEORDER_H 1
| #define HAVE_SCHED_H 1
| #define stricmp strcasecmp
| #define strnicmp strncasecmp
| /* end confdefs.h.  */
| /* Define min to an innocuous variant, in case <limits.h> declares min.
|    For example, HP-UX 11i <limits.h> declares gettimeofday.  */
| #define min innocuous_min
| 
| /* System header to define __stub macros and hopefully few prototypes,
|     which can conflict with char min (); below.
|     Prefer <limits.h> to <assert.h> if __STDC__ is defined, since
|     <limits.h> exists even on freestanding compilers.  */
| 
| #ifdef __STDC__
| # include <limits.h>
| #else
| # include <assert.h>
| #endif
| 
| #undef min
| 
| /* Override any GCC internal prototype to avoid an error.
|    Use char because int might match the return type of a GCC
|    builtin and then its argument prototype would still apply.  */
| #ifdef __cplusplus
| extern "C"
| #endif
| char min ();
| /* The GNU C library defines this for functions which it implements
|     to always fail with ENOSYS.  Some functions are actually named
|     something starting with __ and the normal name is an alias.  */
| #if defined __stub_min || defined __stub___min
| choke me
| #endif
| 
| int
| main ()
| {
| return min ();
|   ;
|   return 0;
| }
configure:5268: result: no
configure:5275: checking for max
configure:5275: gcc -o conftest -g -O2 -Wall -Wextra -Wno-missing-field-initializers -Wwrite-strings -Wundef -Wbad-function-cast -Wcast-align -Wcast-qual -Wdeclaration-after-statement -Wpointer-arith -ffast-math -Wno-unused -Wno-switch -Wno-sign-compare -Wno-pointer-sign -march=native -O2 -fomit-frame-pointer -I$(top_srcdir)/src   conftest.c  >&5
/usr/bin/ld: /tmp/ccgyxreT.o: in function `main':
/home/stevepro/Steven/Doom/prboom-plus-2.5.1.3_VScode/conftest.c:69: undefined reference to `max'
collect2: error: ld returned 1 exit status
configure:5275: $? = 1
configure: failed program was:
| /* confdefs.h */
| #define PACKAGE_NAME "PrBoom-Plus"
| #define PACKAGE_TARNAME "prboom-plus"
| #define PACKAGE_VERSION "2.5.1.3"
| #define PACKAGE_STRING "PrBoom-Plus 2.5.1.3"
| #define PACKAGE_BUGREPORT ""
| #define PACKAGE_URL ""
| #define PACKAGE "prboom-plus"
| #define VERSION "2.5.1.3"
| #define DOOMWADDIR "/usr/local/share/games/doom"
| #define STDC_HEADERS 1
| #define HAVE_SYS_TYPES_H 1
| #define HAVE_SYS_STAT_H 1
| #define HAVE_STDLIB_H 1
| #define HAVE_STRING_H 1
| #define HAVE_MEMORY_H 1
| #define HAVE_STRINGS_H 1
| #define HAVE_INTTYPES_H 1
| #define HAVE_STDINT_H 1
| #define HAVE_UNISTD_H 1
| #define __EXTENSIONS__ 1
| #define _ALL_SOURCE 1
| #define _GNU_SOURCE 1
| #define _POSIX_PTHREAD_SEMANTICS 1
| #define _TANDEM_SOURCE 1
| #define PACKEDATTR __attribute__((packed))
| #define HAVE_DECL_SYS_SIGLIST 1
| #define HAVE_SYS_WAIT_H 1
| #define HAVE_UNISTD_H 1
| #define HAVE_ASM_BYTEORDER_H 1
| #define HAVE_SCHED_H 1
| #define stricmp strcasecmp
| #define strnicmp strncasecmp
| /* end confdefs.h.  */
| /* Define max to an innocuous variant, in case <limits.h> declares max.
|    For example, HP-UX 11i <limits.h> declares gettimeofday.  */
| #define max innocuous_max
| 
| /* System header to define __stub macros and hopefully few prototypes,
|     which can conflict with char max (); below.
|     Prefer <limits.h> to <assert.h> if __STDC__ is defined, since
|     <limits.h> exists even on freestanding compilers.  */
| 
| #ifdef __STDC__
| # include <limits.h>
| #else
| # include <assert.h>
| #endif
| 
| #undef max
| 
| /* Override any GCC internal prototype to avoid an error.
|    Use char because int might match the return type of a GCC
|    builtin and then its argument prototype would still apply.  */
| #ifdef __cplusplus
| extern "C"
| #endif
| char max ();
| /* The GNU C library defines this for functions which it implements
|     to always fail with ENOSYS.  Some functions are actually named
|     something starting with __ and the normal name is an alias.  */
| #if defined __stub_max || defined __stub___max
| choke me
| #endif
| 
| int
| main ()
| {
| return max ();
|   ;
|   return 0;
| }
configure:5275: result: no
configure:5285: checking for getopt
configure:5285: gcc -o conftest -g -O2 -Wall -Wextra -Wno-missing-field-initializers -Wwrite-strings -Wundef -Wbad-function-cast -Wcast-align -Wcast-qual -Wdeclaration-after-statement -Wpointer-arith -ffast-math -Wno-unused -Wno-switch -Wno-sign-compare -Wno-pointer-sign -march=native -O2 -fomit-frame-pointer -I$(top_srcdir)/src   conftest.c  >&5
configure:5285: $? = 0
configure:5285: result: yes
configure:5285: checking for inet_aton
configure:5285: gcc -o conftest -g -O2 -Wall -Wextra -Wno-missing-field-initializers -Wwrite-strings -Wundef -Wbad-function-cast -Wcast-align -Wcast-qual -Wdeclaration-after-statement -Wpointer-arith -ffast-math -Wno-unused -Wno-switch -Wno-sign-compare -Wno-pointer-sign -march=native -O2 -fomit-frame-pointer -I$(top_srcdir)/src   conftest.c  >&5
configure:5285: $? = 0
configure:5285: result: yes
configure:5285: checking for inet_pton
configure:5285: gcc -o conftest -g -O2 -Wall -Wextra -Wno-missing-field-initializers -Wwrite-strings -Wundef -Wbad-function-cast -Wcast-align -Wcast-qual -Wdeclaration-after-statement -Wpointer-arith -ffast-math -Wno-unused -Wno-switch -Wno-sign-compare -Wno-pointer-sign -march=native -O2 -fomit-frame-pointer -I$(top_srcdir)/src   conftest.c  >&5
configure:5285: $? = 0
configure:5285: result: yes
configure:5285: checking for inet_ntop
configure:5285: gcc -o conftest -g -O2 -Wall -Wextra -Wno-missing-field-initializers -Wwrite-strings -Wundef -Wbad-function-cast -Wcast-align -Wcast-qual -Wdeclaration-after-statement -Wpointer-arith -ffast-math -Wno-unused -Wno-switch -Wno-sign-compare -Wno-pointer-sign -march=native -O2 -fomit-frame-pointer -I$(top_srcdir)/src   conftest.c  >&5
configure:5285: $? = 0
configure:5285: result: yes
configure:5285: checking for snprintf
configure:5285: gcc -o conftest -g -O2 -Wall -Wextra -Wno-missing-field-initializers -Wwrite-strings -Wundef -Wbad-function-cast -Wcast-align -Wcast-qual -Wdeclaration-after-statement -Wpointer-arith -ffast-math -Wno-unused -Wno-switch -Wno-sign-compare -Wno-pointer-sign -march=native -O2 -fomit-frame-pointer -I$(top_srcdir)/src   conftest.c  >&5
conftest.c:62:6: warning: conflicting types for built-in function 'snprintf'; expected 'int(char *, long unsigned int,  const char *, ...)' [-Wbuiltin-declaration-mismatch]
   62 | char snprintf ();
      |      ^~~~~~~~
conftest.c:50:1: note: 'snprintf' is declared in header '<stdio.h>'
   49 | # include <limits.h>
   50 | #else
configure:5285: $? = 0
configure:5285: result: yes
configure:5285: checking for vsnprintf
configure:5285: gcc -o conftest -g -O2 -Wall -Wextra -Wno-missing-field-initializers -Wwrite-strings -Wundef -Wbad-function-cast -Wcast-align -Wcast-qual -Wdeclaration-after-statement -Wpointer-arith -ffast-math -Wno-unused -Wno-switch -Wno-sign-compare -Wno-pointer-sign -march=native -O2 -fomit-frame-pointer -I$(top_srcdir)/src   conftest.c  >&5
conftest.c:63:6: warning: conflicting types for built-in function 'vsnprintf'; expected 'int(char *, long unsigned int,  const char *, __va_list_tag *)' [-Wbuiltin-declaration-mismatch]
   63 | char vsnprintf ();
      |      ^~~~~~~~~
conftest.c:51:1: note: 'vsnprintf' is declared in header '<stdio.h>'
   50 | # include <limits.h>
   51 | #else
configure:5285: $? = 0
configure:5285: result: yes
configure:5285: checking for mmap
configure:5285: gcc -o conftest -g -O2 -Wall -Wextra -Wno-missing-field-initializers -Wwrite-strings -Wundef -Wbad-function-cast -Wcast-align -Wcast-qual -Wdeclaration-after-statement -Wpointer-arith -ffast-math -Wno-unused -Wno-switch -Wno-sign-compare -Wno-pointer-sign -march=native -O2 -fomit-frame-pointer -I$(top_srcdir)/src   conftest.c  >&5
configure:5285: $? = 0
configure:5285: result: yes
configure:5285: checking for usleep
configure:5285: gcc -o conftest -g -O2 -Wall -Wextra -Wno-missing-field-initializers -Wwrite-strings -Wundef -Wbad-function-cast -Wcast-align -Wcast-qual -Wdeclaration-after-statement -Wpointer-arith -ffast-math -Wno-unused -Wno-switch -Wno-sign-compare -Wno-pointer-sign -march=native -O2 -fomit-frame-pointer -I$(top_srcdir)/src   conftest.c  >&5
configure:5285: $? = 0
configure:5285: result: yes
configure:5285: checking for sched_setaffinity
configure:5285: gcc -o conftest -g -O2 -Wall -Wextra -Wno-missing-field-initializers -Wwrite-strings -Wundef -Wbad-function-cast -Wcast-align -Wcast-qual -Wdeclaration-after-statement -Wpointer-arith -ffast-math -Wno-unused -Wno-switch -Wno-sign-compare -Wno-pointer-sign -march=native -O2 -fomit-frame-pointer -I$(top_srcdir)/src   conftest.c  >&5
configure:5285: $? = 0
configure:5285: result: yes
configure:5295: checking for pow in -lm
configure:5320: gcc -o conftest -g -O2 -Wall -Wextra -Wno-missing-field-initializers -Wwrite-strings -Wundef -Wbad-function-cast -Wcast-align -Wcast-qual -Wdeclaration-after-statement -Wpointer-arith -ffast-math -Wno-unused -Wno-switch -Wno-sign-compare -Wno-pointer-sign -march=native -O2 -fomit-frame-pointer -I$(top_srcdir)/src   conftest.c -lm   >&5
conftest.c:51:6: warning: conflicting types for built-in function 'pow'; expected 'double(double,  double)' [-Wbuiltin-declaration-mismatch]
   51 | char pow ();
      |      ^~~
conftest.c:1:1: note: 'pow' is declared in header '<math.h>'
    1 | /* confdefs.h */
configure:5320: $? = 0
configure:5329: result: yes
configure:5367: checking for OpenGL support
configure:5384: gcc -c -g -O2 -Wall -Wextra -Wno-missing-field-initializers -Wwrite-strings -Wundef -Wbad-function-cast -Wcast-align -Wcast-qual -Wdeclaration-after-statement -Wpointer-arith -ffast-math -Wno-unused -Wno-switch -Wno-sign-compare -Wno-pointer-sign -march=native -O2 -fomit-frame-pointer -I$(top_srcdir)/src  conftest.c >&5
configure:5384: $? = 0
configure:5390: result: yes
configure:5462: checking for sdl-config
configure:5480: found /usr/bin/sdl-config
configure:5493: result: /usr/bin/sdl-config
configure:5503: checking for SDL - version >= 1.1.3
configure:5590: gcc -o conftest -g -O2 -Wall -Wextra -Wno-missing-field-initializers -Wwrite-strings -Wundef -Wbad-function-cast -Wcast-align -Wcast-qual -Wdeclaration-after-statement -Wpointer-arith -ffast-math -Wno-unused -Wno-switch -Wno-sign-compare -Wno-pointer-sign -march=native -O2 -fomit-frame-pointer -I$(top_srcdir)/src -I/usr/include/SDL -D_GNU_SOURCE=1 -D_REENTRANT   conftest.c -lm  -L/usr/lib/x86_64-linux-gnu -lSDL >&5
conftest.c: In function 'main':
conftest.c:82:27: warning: passing argument 1 of 'my_strdup' discards 'const' qualifier from pointer target type [-Wdiscarded-qualifiers]
   82 |   tmp_version = my_strdup("1.1.3");
      |                           ^~~~~~~
conftest.c:56:18: note: expected 'char *' but argument is of type 'const char *'
   56 | my_strdup (char *str)
      |            ~~~~~~^~~
configure:5590: $? = 0
configure:5590: ./conftest
configure:5590: $? = 0
configure:5605: result: yes
configure:5685: checking for SDL_JoystickGetAxis
configure:5685: gcc -o conftest -g -O2 -Wall -Wextra -Wno-missing-field-initializers -Wwrite-strings -Wundef -Wbad-function-cast -Wcast-align -Wcast-qual -Wdeclaration-after-statement -Wpointer-arith -ffast-math -Wno-unused -Wno-switch -Wno-sign-compare -Wno-pointer-sign -march=native -O2 -fomit-frame-pointer -I$(top_srcdir)/src   conftest.c -lm  -L/usr/lib/x86_64-linux-gnu -lSDL >&5
configure:5685: $? = 0
configure:5685: result: yes
configure:5705: checking for Mix_OpenAudio in -lSDL_mixer
configure:5730: gcc -o conftest -g -O2 -Wall -Wextra -Wno-missing-field-initializers -Wwrite-strings -Wundef -Wbad-function-cast -Wcast-align -Wcast-qual -Wdeclaration-after-statement -Wpointer-arith -ffast-math -Wno-unused -Wno-switch -Wno-sign-compare -Wno-pointer-sign -march=native -O2 -fomit-frame-pointer -I$(top_srcdir)/src   conftest.c -lSDL_mixer -L/usr/lib/x86_64-linux-gnu -lSDL  -lm  >&5
/usr/bin/ld: cannot find -lSDL_mixer
collect2: error: ld returned 1 exit status
configure:5730: $? = 1
configure: failed program was:
| /* confdefs.h */
| #define PACKAGE_NAME "PrBoom-Plus"
| #define PACKAGE_TARNAME "prboom-plus"
| #define PACKAGE_VERSION "2.5.1.3"
| #define PACKAGE_STRING "PrBoom-Plus 2.5.1.3"
| #define PACKAGE_BUGREPORT ""
| #define PACKAGE_URL ""
| #define PACKAGE "prboom-plus"
| #define VERSION "2.5.1.3"
| #define DOOMWADDIR "/usr/local/share/games/doom"
| #define STDC_HEADERS 1
| #define HAVE_SYS_TYPES_H 1
| #define HAVE_SYS_STAT_H 1
| #define HAVE_STDLIB_H 1
| #define HAVE_STRING_H 1
| #define HAVE_MEMORY_H 1
| #define HAVE_STRINGS_H 1
| #define HAVE_INTTYPES_H 1
| #define HAVE_STDINT_H 1
| #define HAVE_UNISTD_H 1
| #define __EXTENSIONS__ 1
| #define _ALL_SOURCE 1
| #define _GNU_SOURCE 1
| #define _POSIX_PTHREAD_SEMANTICS 1
| #define _TANDEM_SOURCE 1
| #define PACKEDATTR __attribute__((packed))
| #define HAVE_DECL_SYS_SIGLIST 1
| #define HAVE_SYS_WAIT_H 1
| #define HAVE_UNISTD_H 1
| #define HAVE_ASM_BYTEORDER_H 1
| #define HAVE_SCHED_H 1
| #define stricmp strcasecmp
| #define strnicmp strncasecmp
| #define HAVE_GETOPT 1
| #define HAVE_INET_ATON 1
| #define HAVE_INET_PTON 1
| #define HAVE_INET_NTOP 1
| #define HAVE_SNPRINTF 1
| #define HAVE_VSNPRINTF 1
| #define HAVE_MMAP 1
| #define HAVE_USLEEP 1
| #define HAVE_SCHED_SETAFFINITY 1
| #define HAVE_LIBM 1
| #define GL_DOOM 1
| #define USE_GLU_IMAGESCALE 1
| #define USE_GLU_MIPMAP 1
| #define USE_GLU_TESS 1
| #define HAVE_SDL_JOYSTICKGETAXIS 1
| /* end confdefs.h.  */
| 
| /* Override any GCC internal prototype to avoid an error.
|    Use char because int might match the return type of a GCC
|    builtin and then its argument prototype would still apply.  */
| #ifdef __cplusplus
| extern "C"
| #endif
| char Mix_OpenAudio ();
| int
| main ()
| {
| return Mix_OpenAudio ();
|   ;
|   return 0;
| }
configure:5739: result: no
configure:5766: checking for SDLNet_UDP_Bind in -lSDL_net
configure:5791: gcc -o conftest -g -O2 -Wall -Wextra -Wno-missing-field-initializers -Wwrite-strings -Wundef -Wbad-function-cast -Wcast-align -Wcast-qual -Wdeclaration-after-statement -Wpointer-arith -ffast-math -Wno-unused -Wno-switch -Wno-sign-compare -Wno-pointer-sign -march=native -O2 -fomit-frame-pointer -I$(top_srcdir)/src   conftest.c -lSDL_net -L/usr/lib/x86_64-linux-gnu -lSDL -lm  >&5
/usr/bin/ld: cannot find -lSDL_net
collect2: error: ld returned 1 exit status
configure:5791: $? = 1
configure: failed program was:
| /* confdefs.h */
| #define PACKAGE_NAME "PrBoom-Plus"
| #define PACKAGE_TARNAME "prboom-plus"
| #define PACKAGE_VERSION "2.5.1.3"
| #define PACKAGE_STRING "PrBoom-Plus 2.5.1.3"
| #define PACKAGE_BUGREPORT ""
| #define PACKAGE_URL ""
| #define PACKAGE "prboom-plus"
| #define VERSION "2.5.1.3"
| #define DOOMWADDIR "/usr/local/share/games/doom"
| #define STDC_HEADERS 1
| #define HAVE_SYS_TYPES_H 1
| #define HAVE_SYS_STAT_H 1
| #define HAVE_STDLIB_H 1
| #define HAVE_STRING_H 1
| #define HAVE_MEMORY_H 1
| #define HAVE_STRINGS_H 1
| #define HAVE_INTTYPES_H 1
| #define HAVE_STDINT_H 1
| #define HAVE_UNISTD_H 1
| #define __EXTENSIONS__ 1
| #define _ALL_SOURCE 1
| #define _GNU_SOURCE 1
| #define _POSIX_PTHREAD_SEMANTICS 1
| #define _TANDEM_SOURCE 1
| #define PACKEDATTR __attribute__((packed))
| #define HAVE_DECL_SYS_SIGLIST 1
| #define HAVE_SYS_WAIT_H 1
| #define HAVE_UNISTD_H 1
| #define HAVE_ASM_BYTEORDER_H 1
| #define HAVE_SCHED_H 1
| #define stricmp strcasecmp
| #define strnicmp strncasecmp
| #define HAVE_GETOPT 1
| #define HAVE_INET_ATON 1
| #define HAVE_INET_PTON 1
| #define HAVE_INET_NTOP 1
| #define HAVE_SNPRINTF 1
| #define HAVE_VSNPRINTF 1
| #define HAVE_MMAP 1
| #define HAVE_USLEEP 1
| #define HAVE_SCHED_SETAFFINITY 1
| #define HAVE_LIBM 1
| #define GL_DOOM 1
| #define USE_GLU_IMAGESCALE 1
| #define USE_GLU_MIPMAP 1
| #define USE_GLU_TESS 1
| #define HAVE_SDL_JOYSTICKGETAXIS 1
| /* end confdefs.h.  */
| 
| /* Override any GCC internal prototype to avoid an error.
|    Use char because int might match the return type of a GCC
|    builtin and then its argument prototype would still apply.  */
| #ifdef __cplusplus
| extern "C"
| #endif
| char SDLNet_UDP_Bind ();
| int
| main ()
| {
| return SDLNet_UDP_Bind ();
|   ;
|   return 0;
| }
configure:5800: result: no
configure:5843: WARNING: *** SDL networking library not found. The game will not be compiled with network game support.
configure:5868: checking for pcreposix_regcomp in -lpcreposix
configure:5893: gcc -o conftest -g -O2 -Wall -Wextra -Wno-missing-field-initializers -Wwrite-strings -Wundef -Wbad-function-cast -Wcast-align -Wcast-qual -Wdeclaration-after-statement -Wpointer-arith -ffast-math -Wno-unused -Wno-switch -Wno-sign-compare -Wno-pointer-sign -march=native -O2 -fomit-frame-pointer -I$(top_srcdir)/src   conftest.c -lpcreposix  -lm  >&5
configure:5893: $? = 0
configure:5902: result: yes
configure:5926: checking for mad_stream_init in -lmad
configure:5951: gcc -o conftest -g -O2 -Wall -Wextra -Wno-missing-field-initializers -Wwrite-strings -Wundef -Wbad-function-cast -Wcast-align -Wcast-qual -Wdeclaration-after-statement -Wpointer-arith -ffast-math -Wno-unused -Wno-switch -Wno-sign-compare -Wno-pointer-sign -march=native -O2 -fomit-frame-pointer -I$(top_srcdir)/src   conftest.c -lmad  -lpcreposix -lm  >&5
/usr/bin/ld: cannot find -lmad
collect2: error: ld returned 1 exit status
configure:5951: $? = 1
configure: failed program was:
| /* confdefs.h */
| #define PACKAGE_NAME "PrBoom-Plus"
| #define PACKAGE_TARNAME "prboom-plus"
| #define PACKAGE_VERSION "2.5.1.3"
| #define PACKAGE_STRING "PrBoom-Plus 2.5.1.3"
| #define PACKAGE_BUGREPORT ""
| #define PACKAGE_URL ""
| #define PACKAGE "prboom-plus"
| #define VERSION "2.5.1.3"
| #define DOOMWADDIR "/usr/local/share/games/doom"
| #define STDC_HEADERS 1
| #define HAVE_SYS_TYPES_H 1
| #define HAVE_SYS_STAT_H 1
| #define HAVE_STDLIB_H 1
| #define HAVE_STRING_H 1
| #define HAVE_MEMORY_H 1
| #define HAVE_STRINGS_H 1
| #define HAVE_INTTYPES_H 1
| #define HAVE_STDINT_H 1
| #define HAVE_UNISTD_H 1
| #define __EXTENSIONS__ 1
| #define _ALL_SOURCE 1
| #define _GNU_SOURCE 1
| #define _POSIX_PTHREAD_SEMANTICS 1
| #define _TANDEM_SOURCE 1
| #define PACKEDATTR __attribute__((packed))
| #define HAVE_DECL_SYS_SIGLIST 1
| #define HAVE_SYS_WAIT_H 1
| #define HAVE_UNISTD_H 1
| #define HAVE_ASM_BYTEORDER_H 1
| #define HAVE_SCHED_H 1
| #define stricmp strcasecmp
| #define strnicmp strncasecmp
| #define HAVE_GETOPT 1
| #define HAVE_INET_ATON 1
| #define HAVE_INET_PTON 1
| #define HAVE_INET_NTOP 1
| #define HAVE_SNPRINTF 1
| #define HAVE_VSNPRINTF 1
| #define HAVE_MMAP 1
| #define HAVE_USLEEP 1
| #define HAVE_SCHED_SETAFFINITY 1
| #define HAVE_LIBM 1
| #define GL_DOOM 1
| #define USE_GLU_IMAGESCALE 1
| #define USE_GLU_MIPMAP 1
| #define USE_GLU_TESS 1
| #define HAVE_SDL_JOYSTICKGETAXIS 1
| #define HAVE_LIBPCREPOSIX 1
| /* end confdefs.h.  */
| 
| /* Override any GCC internal prototype to avoid an error.
|    Use char because int might match the return type of a GCC
|    builtin and then its argument prototype would still apply.  */
| #ifdef __cplusplus
| extern "C"
| #endif
| char mad_stream_init ();
| int
| main ()
| {
| return mad_stream_init ();
|   ;
|   return 0;
| }
configure:5960: result: no
configure:5982: checking for new_fluid_synth in -lfluidsynth
configure:6007: gcc -o conftest -g -O2 -Wall -Wextra -Wno-missing-field-initializers -Wwrite-strings -Wundef -Wbad-function-cast -Wcast-align -Wcast-qual -Wdeclaration-after-statement -Wpointer-arith -ffast-math -Wno-unused -Wno-switch -Wno-sign-compare -Wno-pointer-sign -march=native -O2 -fomit-frame-pointer -I$(top_srcdir)/src   conftest.c -lfluidsynth  -lpcreposix -lm  >&5
/usr/bin/ld: cannot find -lfluidsynth
collect2: error: ld returned 1 exit status
configure:6007: $? = 1
configure: failed program was:
| /* confdefs.h */
| #define PACKAGE_NAME "PrBoom-Plus"
| #define PACKAGE_TARNAME "prboom-plus"
| #define PACKAGE_VERSION "2.5.1.3"
| #define PACKAGE_STRING "PrBoom-Plus 2.5.1.3"
| #define PACKAGE_BUGREPORT ""
| #define PACKAGE_URL ""
| #define PACKAGE "prboom-plus"
| #define VERSION "2.5.1.3"
| #define DOOMWADDIR "/usr/local/share/games/doom"
| #define STDC_HEADERS 1
| #define HAVE_SYS_TYPES_H 1
| #define HAVE_SYS_STAT_H 1
| #define HAVE_STDLIB_H 1
| #define HAVE_STRING_H 1
| #define HAVE_MEMORY_H 1
| #define HAVE_STRINGS_H 1
| #define HAVE_INTTYPES_H 1
| #define HAVE_STDINT_H 1
| #define HAVE_UNISTD_H 1
| #define __EXTENSIONS__ 1
| #define _ALL_SOURCE 1
| #define _GNU_SOURCE 1
| #define _POSIX_PTHREAD_SEMANTICS 1
| #define _TANDEM_SOURCE 1
| #define PACKEDATTR __attribute__((packed))
| #define HAVE_DECL_SYS_SIGLIST 1
| #define HAVE_SYS_WAIT_H 1
| #define HAVE_UNISTD_H 1
| #define HAVE_ASM_BYTEORDER_H 1
| #define HAVE_SCHED_H 1
| #define stricmp strcasecmp
| #define strnicmp strncasecmp
| #define HAVE_GETOPT 1
| #define HAVE_INET_ATON 1
| #define HAVE_INET_PTON 1
| #define HAVE_INET_NTOP 1
| #define HAVE_SNPRINTF 1
| #define HAVE_VSNPRINTF 1
| #define HAVE_MMAP 1
| #define HAVE_USLEEP 1
| #define HAVE_SCHED_SETAFFINITY 1
| #define HAVE_LIBM 1
| #define GL_DOOM 1
| #define USE_GLU_IMAGESCALE 1
| #define USE_GLU_MIPMAP 1
| #define USE_GLU_TESS 1
| #define HAVE_SDL_JOYSTICKGETAXIS 1
| #define HAVE_LIBPCREPOSIX 1
| /* end confdefs.h.  */
| 
| /* Override any GCC internal prototype to avoid an error.
|    Use char because int might match the return type of a GCC
|    builtin and then its argument prototype would still apply.  */
| #ifdef __cplusplus
| extern "C"
| #endif
| char new_fluid_synth ();
| int
| main ()
| {
| return new_fluid_synth ();
|   ;
|   return 0;
| }
configure:6016: result: no
configure:6038: checking for dumbfile_open in -ldumb
configure:6063: gcc -o conftest -g -O2 -Wall -Wextra -Wno-missing-field-initializers -Wwrite-strings -Wundef -Wbad-function-cast -Wcast-align -Wcast-qual -Wdeclaration-after-statement -Wpointer-arith -ffast-math -Wno-unused -Wno-switch -Wno-sign-compare -Wno-pointer-sign -march=native -O2 -fomit-frame-pointer -I$(top_srcdir)/src   conftest.c -ldumb  -lpcreposix -lm  >&5
/usr/bin/ld: cannot find -ldumb
collect2: error: ld returned 1 exit status
configure:6063: $? = 1
configure: failed program was:
| /* confdefs.h */
| #define PACKAGE_NAME "PrBoom-Plus"
| #define PACKAGE_TARNAME "prboom-plus"
| #define PACKAGE_VERSION "2.5.1.3"
| #define PACKAGE_STRING "PrBoom-Plus 2.5.1.3"
| #define PACKAGE_BUGREPORT ""
| #define PACKAGE_URL ""
| #define PACKAGE "prboom-plus"
| #define VERSION "2.5.1.3"
| #define DOOMWADDIR "/usr/local/share/games/doom"
| #define STDC_HEADERS 1
| #define HAVE_SYS_TYPES_H 1
| #define HAVE_SYS_STAT_H 1
| #define HAVE_STDLIB_H 1
| #define HAVE_STRING_H 1
| #define HAVE_MEMORY_H 1
| #define HAVE_STRINGS_H 1
| #define HAVE_INTTYPES_H 1
| #define HAVE_STDINT_H 1
| #define HAVE_UNISTD_H 1
| #define __EXTENSIONS__ 1
| #define _ALL_SOURCE 1
| #define _GNU_SOURCE 1
| #define _POSIX_PTHREAD_SEMANTICS 1
| #define _TANDEM_SOURCE 1
| #define PACKEDATTR __attribute__((packed))
| #define HAVE_DECL_SYS_SIGLIST 1
| #define HAVE_SYS_WAIT_H 1
| #define HAVE_UNISTD_H 1
| #define HAVE_ASM_BYTEORDER_H 1
| #define HAVE_SCHED_H 1
| #define stricmp strcasecmp
| #define strnicmp strncasecmp
| #define HAVE_GETOPT 1
| #define HAVE_INET_ATON 1
| #define HAVE_INET_PTON 1
| #define HAVE_INET_NTOP 1
| #define HAVE_SNPRINTF 1
| #define HAVE_VSNPRINTF 1
| #define HAVE_MMAP 1
| #define HAVE_USLEEP 1
| #define HAVE_SCHED_SETAFFINITY 1
| #define HAVE_LIBM 1
| #define GL_DOOM 1
| #define USE_GLU_IMAGESCALE 1
| #define USE_GLU_MIPMAP 1
| #define USE_GLU_TESS 1
| #define HAVE_SDL_JOYSTICKGETAXIS 1
| #define HAVE_LIBPCREPOSIX 1
| /* end confdefs.h.  */
| 
| /* Override any GCC internal prototype to avoid an error.
|    Use char because int might match the return type of a GCC
|    builtin and then its argument prototype would still apply.  */
| #ifdef __cplusplus
| extern "C"
| #endif
| char dumbfile_open ();
| int
| main ()
| {
| return dumbfile_open ();
|   ;
|   return 0;
| }
configure:6072: result: no
configure:6094: checking for ov_test_callbacks in -lvorbisfile
configure:6119: gcc -o conftest -g -O2 -Wall -Wextra -Wno-missing-field-initializers -Wwrite-strings -Wundef -Wbad-function-cast -Wcast-align -Wcast-qual -Wdeclaration-after-statement -Wpointer-arith -ffast-math -Wno-unused -Wno-switch -Wno-sign-compare -Wno-pointer-sign -march=native -O2 -fomit-frame-pointer -I$(top_srcdir)/src   conftest.c -lvorbisfile -logg -lvorbis -lpcreposix -lm  >&5
/usr/bin/ld: cannot find -lvorbisfile
/usr/bin/ld: cannot find -logg
/usr/bin/ld: cannot find -lvorbis
collect2: error: ld returned 1 exit status
configure:6119: $? = 1
configure: failed program was:
| /* confdefs.h */
| #define PACKAGE_NAME "PrBoom-Plus"
| #define PACKAGE_TARNAME "prboom-plus"
| #define PACKAGE_VERSION "2.5.1.3"
| #define PACKAGE_STRING "PrBoom-Plus 2.5.1.3"
| #define PACKAGE_BUGREPORT ""
| #define PACKAGE_URL ""
| #define PACKAGE "prboom-plus"
| #define VERSION "2.5.1.3"
| #define DOOMWADDIR "/usr/local/share/games/doom"
| #define STDC_HEADERS 1
| #define HAVE_SYS_TYPES_H 1
| #define HAVE_SYS_STAT_H 1
| #define HAVE_STDLIB_H 1
| #define HAVE_STRING_H 1
| #define HAVE_MEMORY_H 1
| #define HAVE_STRINGS_H 1
| #define HAVE_INTTYPES_H 1
| #define HAVE_STDINT_H 1
| #define HAVE_UNISTD_H 1
| #define __EXTENSIONS__ 1
| #define _ALL_SOURCE 1
| #define _GNU_SOURCE 1
| #define _POSIX_PTHREAD_SEMANTICS 1
| #define _TANDEM_SOURCE 1
| #define PACKEDATTR __attribute__((packed))
| #define HAVE_DECL_SYS_SIGLIST 1
| #define HAVE_SYS_WAIT_H 1
| #define HAVE_UNISTD_H 1
| #define HAVE_ASM_BYTEORDER_H 1
| #define HAVE_SCHED_H 1
| #define stricmp strcasecmp
| #define strnicmp strncasecmp
| #define HAVE_GETOPT 1
| #define HAVE_INET_ATON 1
| #define HAVE_INET_PTON 1
| #define HAVE_INET_NTOP 1
| #define HAVE_SNPRINTF 1
| #define HAVE_VSNPRINTF 1
| #define HAVE_MMAP 1
| #define HAVE_USLEEP 1
| #define HAVE_SCHED_SETAFFINITY 1
| #define HAVE_LIBM 1
| #define GL_DOOM 1
| #define USE_GLU_IMAGESCALE 1
| #define USE_GLU_MIPMAP 1
| #define USE_GLU_TESS 1
| #define HAVE_SDL_JOYSTICKGETAXIS 1
| #define HAVE_LIBPCREPOSIX 1
| /* end confdefs.h.  */
| 
| /* Override any GCC internal prototype to avoid an error.
|    Use char because int might match the return type of a GCC
|    builtin and then its argument prototype would still apply.  */
| #ifdef __cplusplus
| extern "C"
| #endif
| char ov_test_callbacks ();
| int
| main ()
| {
| return ov_test_callbacks ();
|   ;
|   return 0;
| }
configure:6128: result: no
configure:6150: checking for Pt_Time in -lporttime
configure:6175: gcc -o conftest -g -O2 -Wall -Wextra -Wno-missing-field-initializers -Wwrite-strings -Wundef -Wbad-function-cast -Wcast-align -Wcast-qual -Wdeclaration-after-statement -Wpointer-arith -ffast-math -Wno-unused -Wno-switch -Wno-sign-compare -Wno-pointer-sign -march=native -O2 -fomit-frame-pointer -I$(top_srcdir)/src   conftest.c -lporttime  -lpcreposix -lm  >&5
/usr/bin/ld: cannot find -lporttime
collect2: error: ld returned 1 exit status
configure:6175: $? = 1
configure: failed program was:
| /* confdefs.h */
| #define PACKAGE_NAME "PrBoom-Plus"
| #define PACKAGE_TARNAME "prboom-plus"
| #define PACKAGE_VERSION "2.5.1.3"
| #define PACKAGE_STRING "PrBoom-Plus 2.5.1.3"
| #define PACKAGE_BUGREPORT ""
| #define PACKAGE_URL ""
| #define PACKAGE "prboom-plus"
| #define VERSION "2.5.1.3"
| #define DOOMWADDIR "/usr/local/share/games/doom"
| #define STDC_HEADERS 1
| #define HAVE_SYS_TYPES_H 1
| #define HAVE_SYS_STAT_H 1
| #define HAVE_STDLIB_H 1
| #define HAVE_STRING_H 1
| #define HAVE_MEMORY_H 1
| #define HAVE_STRINGS_H 1
| #define HAVE_INTTYPES_H 1
| #define HAVE_STDINT_H 1
| #define HAVE_UNISTD_H 1
| #define __EXTENSIONS__ 1
| #define _ALL_SOURCE 1
| #define _GNU_SOURCE 1
| #define _POSIX_PTHREAD_SEMANTICS 1
| #define _TANDEM_SOURCE 1
| #define PACKEDATTR __attribute__((packed))
| #define HAVE_DECL_SYS_SIGLIST 1
| #define HAVE_SYS_WAIT_H 1
| #define HAVE_UNISTD_H 1
| #define HAVE_ASM_BYTEORDER_H 1
| #define HAVE_SCHED_H 1
| #define stricmp strcasecmp
| #define strnicmp strncasecmp
| #define HAVE_GETOPT 1
| #define HAVE_INET_ATON 1
| #define HAVE_INET_PTON 1
| #define HAVE_INET_NTOP 1
| #define HAVE_SNPRINTF 1
| #define HAVE_VSNPRINTF 1
| #define HAVE_MMAP 1
| #define HAVE_USLEEP 1
| #define HAVE_SCHED_SETAFFINITY 1
| #define HAVE_LIBM 1
| #define GL_DOOM 1
| #define USE_GLU_IMAGESCALE 1
| #define USE_GLU_MIPMAP 1
| #define USE_GLU_TESS 1
| #define HAVE_SDL_JOYSTICKGETAXIS 1
| #define HAVE_LIBPCREPOSIX 1
| /* end confdefs.h.  */
| 
| /* Override any GCC internal prototype to avoid an error.
|    Use char because int might match the return type of a GCC
|    builtin and then its argument prototype would still apply.  */
| #ifdef __cplusplus
| extern "C"
| #endif
| char Pt_Time ();
| int
| main ()
| {
| return Pt_Time ();
|   ;
|   return 0;
| }
configure:6184: result: no
configure:6190: checking for Pm_OpenInput in -lportmidi
configure:6215: gcc -o conftest -g -O2 -Wall -Wextra -Wno-missing-field-initializers -Wwrite-strings -Wundef -Wbad-function-cast -Wcast-align -Wcast-qual -Wdeclaration-after-statement -Wpointer-arith -ffast-math -Wno-unused -Wno-switch -Wno-sign-compare -Wno-pointer-sign -march=native -O2 -fomit-frame-pointer -I$(top_srcdir)/src   conftest.c -lportmidi  -lpcreposix -lm  >&5
/usr/bin/ld: cannot find -lportmidi
collect2: error: ld returned 1 exit status
configure:6215: $? = 1
configure: failed program was:
| /* confdefs.h */
| #define PACKAGE_NAME "PrBoom-Plus"
| #define PACKAGE_TARNAME "prboom-plus"
| #define PACKAGE_VERSION "2.5.1.3"
| #define PACKAGE_STRING "PrBoom-Plus 2.5.1.3"
| #define PACKAGE_BUGREPORT ""
| #define PACKAGE_URL ""
| #define PACKAGE "prboom-plus"
| #define VERSION "2.5.1.3"
| #define DOOMWADDIR "/usr/local/share/games/doom"
| #define STDC_HEADERS 1
| #define HAVE_SYS_TYPES_H 1
| #define HAVE_SYS_STAT_H 1
| #define HAVE_STDLIB_H 1
| #define HAVE_STRING_H 1
| #define HAVE_MEMORY_H 1
| #define HAVE_STRINGS_H 1
| #define HAVE_INTTYPES_H 1
| #define HAVE_STDINT_H 1
| #define HAVE_UNISTD_H 1
| #define __EXTENSIONS__ 1
| #define _ALL_SOURCE 1
| #define _GNU_SOURCE 1
| #define _POSIX_PTHREAD_SEMANTICS 1
| #define _TANDEM_SOURCE 1
| #define PACKEDATTR __attribute__((packed))
| #define HAVE_DECL_SYS_SIGLIST 1
| #define HAVE_SYS_WAIT_H 1
| #define HAVE_UNISTD_H 1
| #define HAVE_ASM_BYTEORDER_H 1
| #define HAVE_SCHED_H 1
| #define stricmp strcasecmp
| #define strnicmp strncasecmp
| #define HAVE_GETOPT 1
| #define HAVE_INET_ATON 1
| #define HAVE_INET_PTON 1
| #define HAVE_INET_NTOP 1
| #define HAVE_SNPRINTF 1
| #define HAVE_VSNPRINTF 1
| #define HAVE_MMAP 1
| #define HAVE_USLEEP 1
| #define HAVE_SCHED_SETAFFINITY 1
| #define HAVE_LIBM 1
| #define GL_DOOM 1
| #define USE_GLU_IMAGESCALE 1
| #define USE_GLU_MIPMAP 1
| #define USE_GLU_TESS 1
| #define HAVE_SDL_JOYSTICKGETAXIS 1
| #define HAVE_LIBPCREPOSIX 1
| /* end confdefs.h.  */
| 
| /* Override any GCC internal prototype to avoid an error.
|    Use char because int might match the return type of a GCC
|    builtin and then its argument prototype would still apply.  */
| #ifdef __cplusplus
| extern "C"
| #endif
| char Pm_OpenInput ();
| int
| main ()
| {
| return Pm_OpenInput ();
|   ;
|   return 0;
| }
configure:6224: result: no
configure:6246: checking for IMG_Load in -lSDL_image
configure:6271: gcc -o conftest -g -O2 -Wall -Wextra -Wno-missing-field-initializers -Wwrite-strings -Wundef -Wbad-function-cast -Wcast-align -Wcast-qual -Wdeclaration-after-statement -Wpointer-arith -ffast-math -Wno-unused -Wno-switch -Wno-sign-compare -Wno-pointer-sign -march=native -O2 -fomit-frame-pointer -I$(top_srcdir)/src   conftest.c -lSDL_image  -lpcreposix -lm  >&5
/usr/bin/ld: cannot find -lSDL_image
collect2: error: ld returned 1 exit status
configure:6271: $? = 1
configure: failed program was:
| /* confdefs.h */
| #define PACKAGE_NAME "PrBoom-Plus"
| #define PACKAGE_TARNAME "prboom-plus"
| #define PACKAGE_VERSION "2.5.1.3"
| #define PACKAGE_STRING "PrBoom-Plus 2.5.1.3"
| #define PACKAGE_BUGREPORT ""
| #define PACKAGE_URL ""
| #define PACKAGE "prboom-plus"
| #define VERSION "2.5.1.3"
| #define DOOMWADDIR "/usr/local/share/games/doom"
| #define STDC_HEADERS 1
| #define HAVE_SYS_TYPES_H 1
| #define HAVE_SYS_STAT_H 1
| #define HAVE_STDLIB_H 1
| #define HAVE_STRING_H 1
| #define HAVE_MEMORY_H 1
| #define HAVE_STRINGS_H 1
| #define HAVE_INTTYPES_H 1
| #define HAVE_STDINT_H 1
| #define HAVE_UNISTD_H 1
| #define __EXTENSIONS__ 1
| #define _ALL_SOURCE 1
| #define _GNU_SOURCE 1
| #define _POSIX_PTHREAD_SEMANTICS 1
| #define _TANDEM_SOURCE 1
| #define PACKEDATTR __attribute__((packed))
| #define HAVE_DECL_SYS_SIGLIST 1
| #define HAVE_SYS_WAIT_H 1
| #define HAVE_UNISTD_H 1
| #define HAVE_ASM_BYTEORDER_H 1
| #define HAVE_SCHED_H 1
| #define stricmp strcasecmp
| #define strnicmp strncasecmp
| #define HAVE_GETOPT 1
| #define HAVE_INET_ATON 1
| #define HAVE_INET_PTON 1
| #define HAVE_INET_NTOP 1
| #define HAVE_SNPRINTF 1
| #define HAVE_VSNPRINTF 1
| #define HAVE_MMAP 1
| #define HAVE_USLEEP 1
| #define HAVE_SCHED_SETAFFINITY 1
| #define HAVE_LIBM 1
| #define GL_DOOM 1
| #define USE_GLU_IMAGESCALE 1
| #define USE_GLU_MIPMAP 1
| #define USE_GLU_TESS 1
| #define HAVE_SDL_JOYSTICKGETAXIS 1
| #define HAVE_LIBPCREPOSIX 1
| /* end confdefs.h.  */
| 
| /* Override any GCC internal prototype to avoid an error.
|    Use char because int might match the return type of a GCC
|    builtin and then its argument prototype would still apply.  */
| #ifdef __cplusplus
| extern "C"
| #endif
| char IMG_Load ();
| int
| main ()
| {
| return IMG_Load ();
|   ;
|   return 0;
| }
configure:6280: result: no
configure:6302: checking for png_create_info_struct in -lpng
configure:6327: gcc -o conftest -g -O2 -Wall -Wextra -Wno-missing-field-initializers -Wwrite-strings -Wundef -Wbad-function-cast -Wcast-align -Wcast-qual -Wdeclaration-after-statement -Wpointer-arith -ffast-math -Wno-unused -Wno-switch -Wno-sign-compare -Wno-pointer-sign -march=native -O2 -fomit-frame-pointer -I$(top_srcdir)/src   conftest.c -lpng  -lpcreposix -lm  >&5
configure:6327: $? = 0
configure:6336: result: yes
configure:6572: creating ./config.status

## ---------------------- ##
## Running config.status. ##
## ---------------------- ##

This file was extended by PrBoom-Plus config.status 2.5.1.3, which was
generated by GNU Autoconf 2.68.  Invocation command line was

  CONFIG_FILES    = 
  CONFIG_HEADERS  = 
  CONFIG_LINKS    = 
  CONFIG_COMMANDS = 
  $ ./config.status 

on stevepro-VirtualBox

config.status:942: creating Makefile
config.status:942: creating src/Makefile
config.status:942: creating src/POSIX/Makefile
config.status:942: creating src/SDL/Makefile
config.status:942: creating src/MAC/Makefile
config.status:942: creating src/PCSOUND/Makefile
config.status:942: creating src/TEXTSCREEN/Makefile
config.status:942: creating src/MUSIC/Makefile
config.status:942: creating doc/Makefile
config.status:942: creating data/Makefile
config.status:942: creating ICONS/Makefile
config.status:942: creating VisualC6/Makefile
config.status:942: creating VisualC8/Makefile
config.status:942: creating VisualC9/Makefile
config.status:942: creating prboom.spec
config.status:942: creating config.h
config.status:1123: config.h is unchanged
config.status:1171: executing depfiles commands

## ---------------- ##
## Cache variables. ##
## ---------------- ##

ac_cv_build=x86_64-unknown-linux-gnu
ac_cv_c_bigendian=no
ac_cv_c_compiler_gnu=yes
ac_cv_c_const=yes
ac_cv_c_inline=inline
ac_cv_env_CC_set=
ac_cv_env_CC_value=
ac_cv_env_CFLAGS_set=
ac_cv_env_CFLAGS_value=
ac_cv_env_CPPFLAGS_set=
ac_cv_env_CPPFLAGS_value=
ac_cv_env_CPP_set=
ac_cv_env_CPP_value=
ac_cv_env_LDFLAGS_set=
ac_cv_env_LDFLAGS_value=
ac_cv_env_LIBS_set=
ac_cv_env_LIBS_value=
ac_cv_env_build_alias_set=
ac_cv_env_build_alias_value=
ac_cv_env_host_alias_set=
ac_cv_env_host_alias_value=
ac_cv_env_target_alias_set=
ac_cv_env_target_alias_value=
ac_cv_func_SDL_JoystickGetAxis=yes
ac_cv_func_getopt=yes
ac_cv_func_inet_aton=yes
ac_cv_func_inet_ntop=yes
ac_cv_func_inet_pton=yes
ac_cv_func_max=no
ac_cv_func_min=no
ac_cv_func_mmap=yes
ac_cv_func_sched_setaffinity=yes
ac_cv_func_snprintf=yes
ac_cv_func_stricmp=no
ac_cv_func_strnicmp=no
ac_cv_func_usleep=yes
ac_cv_func_vsnprintf=yes
ac_cv_have_decl_sys_siglist=yes
ac_cv_header_asm_byteorder_h=yes
ac_cv_header_inttypes_h=yes
ac_cv_header_memory_h=yes
ac_cv_header_minix_config_h=no
ac_cv_header_sched_h=yes
ac_cv_header_stdc=yes
ac_cv_header_stdint_h=yes
ac_cv_header_stdlib_h=yes
ac_cv_header_string_h=yes
ac_cv_header_strings_h=yes
ac_cv_header_sys_stat_h=yes
ac_cv_header_sys_types_h=yes
ac_cv_header_sys_wait_h=yes
ac_cv_header_unistd_h=yes
ac_cv_host=x86_64-unknown-linux-gnu
ac_cv_lib_SDL_image_IMG_Load=no
ac_cv_lib_SDL_mixer_Mix_OpenAudio=no
ac_cv_lib_SDL_net_SDLNet_UDP_Bind=no
ac_cv_lib_dumb_dumbfile_open=no
ac_cv_lib_fluidsynth_new_fluid_synth=no
ac_cv_lib_m_pow=yes
ac_cv_lib_mad_mad_stream_init=no
ac_cv_lib_pcreposix_pcreposix_regcomp=yes
ac_cv_lib_png_png_create_info_struct=yes
ac_cv_lib_portmidi_Pm_OpenInput=no
ac_cv_lib_porttime_Pt_Time=no
ac_cv_lib_vorbisfile_ov_test_callbacks=no
ac_cv_objext=o
ac_cv_path_EGREP='/bin/grep -E'
ac_cv_path_GREP=/bin/grep
ac_cv_path_SDL_CONFIG=/usr/bin/sdl-config
ac_cv_path_install='/usr/bin/install -c'
ac_cv_path_mkdir=/bin/mkdir
ac_cv_prog_AWK=gawk
ac_cv_prog_CPP='gcc -E'
ac_cv_prog_ac_ct_CC=gcc
ac_cv_prog_ac_ct_RANLIB=ranlib
ac_cv_prog_cc_c89=
ac_cv_prog_cc_g=yes
ac_cv_prog_make_make_set=yes
ac_cv_safe_to_define___extensions__=yes
ac_cv_target=x86_64-unknown-linux-gnu
ac_cv_type_size_t=yes
ac_cv_type_uid_t=yes
am_cv_CC_dependencies_compiler_type=gcc3

## ----------------- ##
## Output variables. ##
## ----------------- ##

ACLOCAL='${SHELL} /home/stevepro/Steven/Doom/prboom-plus-2.5.1.3_VScode/autotools/missing --run aclocal-1.11'
AMDEPBACKSLASH='\'
AMDEP_FALSE='#'
AMDEP_TRUE=''
AMTAR='${SHELL} /home/stevepro/Steven/Doom/prboom-plus-2.5.1.3_VScode/autotools/missing --run tar'
AM_BACKSLASH='\'
AM_DEFAULT_VERBOSITY='0'
AUTOCONF='${SHELL} /home/stevepro/Steven/Doom/prboom-plus-2.5.1.3_VScode/autotools/missing --run autoconf'
AUTOHEADER='${SHELL} /home/stevepro/Steven/Doom/prboom-plus-2.5.1.3_VScode/autotools/missing --run autoheader'
AUTOMAKE='${SHELL} /home/stevepro/Steven/Doom/prboom-plus-2.5.1.3_VScode/autotools/missing --run automake-1.11'
AWK='gawk'
BUILD_GL_FALSE='#'
BUILD_GL_TRUE=''
BUILD_SERVER_FALSE=''
BUILD_SERVER_TRUE='#'
CC='gcc'
CCDEPMODE='depmode=gcc3'
CFLAGS='-g -O2 -Wall -Wextra -Wno-missing-field-initializers -Wwrite-strings -Wundef -Wbad-function-cast -Wcast-align -Wcast-qual -Wdeclaration-after-statement -Wpointer-arith -ffast-math -Wno-unused -Wno-switch -Wno-sign-compare -Wno-pointer-sign -march=native -O2 -fomit-frame-pointer -I$(top_srcdir)/src'
CPP='gcc -E'
CPPFLAGS=''
CYGPATH_W='echo'
DEFS='-DHAVE_CONFIG_H'
DEPDIR='.deps'
DOOMWADDIR='/usr/local/share/games/doom'
ECHO_C=''
ECHO_N='-n'
ECHO_T=''
EGREP='/bin/grep -E'
EXEEXT=''
GL_LIBS='-lGL -lGLU'
GREP='/bin/grep'
INSTALL_DATA='${INSTALL} -m 644'
INSTALL_PROGRAM='${INSTALL}'
INSTALL_SCRIPT='${INSTALL}'
INSTALL_STRIP_PROGRAM='$(install_sh) -c -s'
LDFLAGS=''
LIBOBJS=''
LIBS='-lpng -lpcreposix -lm '
LN_S='ln -s'
LTLIBOBJS=''
MAINT=''
MAINTAINER_MODE_FALSE='#'
MAINTAINER_MODE_TRUE=''
MAKEINFO='${SHELL} /home/stevepro/Steven/Doom/prboom-plus-2.5.1.3_VScode/autotools/missing --run makeinfo'
MATH_LIB=''
MIXER_CFLAGS=''
MIXER_LIBS=''
MKDIR_P='/bin/mkdir -p'
NET_CFLAGS=''
NET_LIBS=''
OBJEXT='o'
PACKAGE='prboom-plus'
PACKAGE_BUGREPORT=''
PACKAGE_NAME='PrBoom-Plus'
PACKAGE_STRING='PrBoom-Plus 2.5.1.3'
PACKAGE_TARNAME='prboom-plus'
PACKAGE_URL=''
PACKAGE_VERSION='2.5.1.3'
PATH_SEPARATOR=':'
RANLIB='ranlib'
SDL_CFLAGS='-I/usr/include/SDL -D_GNU_SOURCE=1 -D_REENTRANT'
SDL_CONFIG='/usr/bin/sdl-config'
SDL_LIBS='-L/usr/lib/x86_64-linux-gnu -lSDL'
SET_MAKE=''
SHELL='/bin/bash'
STRIP=''
VERSION='2.5.1.3'
WAD_MMAP_FALSE='#'
WAD_MMAP_TRUE=''
ac_ct_CC='gcc'
am__EXEEXT_FALSE=''
am__EXEEXT_TRUE='#'
am__fastdepCC_FALSE='#'
am__fastdepCC_TRUE=''
am__include='include'
am__isrc=''
am__leading_dot='.'
am__quote=''
am__tar='${AMTAR} chof - "$$tardir"'
am__untar='${AMTAR} xf -'
bindir='${exec_prefix}/bin'
build='x86_64-unknown-linux-gnu'
build_alias=''
build_cpu='x86_64'
build_os='linux-gnu'
build_vendor='unknown'
datadir='${datarootdir}'
datarootdir='${prefix}/share'
docdir='${datarootdir}/doc/${PACKAGE_TARNAME}'
dvidir='${docdir}'
exec_prefix='${prefix}'
host='x86_64-unknown-linux-gnu'
host_alias=''
host_cpu='x86_64'
host_os='linux-gnu'
host_vendor='unknown'
htmldir='${docdir}'
includedir='${prefix}/include'
infodir='${datarootdir}/info'
install_sh='${SHELL} /home/stevepro/Steven/Doom/prboom-plus-2.5.1.3_VScode/autotools/install-sh'
libdir='${exec_prefix}/lib'
libexecdir='${exec_prefix}/libexec'
localedir='${datarootdir}/locale'
localstatedir='${prefix}/var'
mandir='${datarootdir}/man'
mkdir_p='/bin/mkdir -p'
oldincludedir='/usr/include'
pdfdir='${docdir}'
prefix='/usr/local'
program_transform_name='s,x,x,'
psdir='${docdir}'
sbindir='${exec_prefix}/sbin'
sharedstatedir='${prefix}/com'
sysconfdir='${prefix}/etc'
target='x86_64-unknown-linux-gnu'
target_alias=''
target_cpu='x86_64'
target_os='linux-gnu'
target_vendor='unknown'

## ----------- ##
## confdefs.h. ##
## ----------- ##

/* confdefs.h */
#define PACKAGE_NAME "PrBoom-Plus"
#define PACKAGE_TARNAME "prboom-plus"
#define PACKAGE_VERSION "2.5.1.3"
#define PACKAGE_STRING "PrBoom-Plus 2.5.1.3"
#define PACKAGE_BUGREPORT ""
#define PACKAGE_URL ""
#define PACKAGE "prboom-plus"
#define VERSION "2.5.1.3"
#define DOOMWADDIR "/usr/local/share/games/doom"
#define STDC_HEADERS 1
#define HAVE_SYS_TYPES_H 1
#define HAVE_SYS_STAT_H 1
#define HAVE_STDLIB_H 1
#define HAVE_STRING_H 1
#define HAVE_MEMORY_H 1
#define HAVE_STRINGS_H 1
#define HAVE_INTTYPES_H 1
#define HAVE_STDINT_H 1
#define HAVE_UNISTD_H 1
#define __EXTENSIONS__ 1
#define _ALL_SOURCE 1
#define _GNU_SOURCE 1
#define _POSIX_PTHREAD_SEMANTICS 1
#define _TANDEM_SOURCE 1
#define PACKEDATTR __attribute__((packed))
#define HAVE_DECL_SYS_SIGLIST 1
#define HAVE_SYS_WAIT_H 1
#define HAVE_UNISTD_H 1
#define HAVE_ASM_BYTEORDER_H 1
#define HAVE_SCHED_H 1
#define stricmp strcasecmp
#define strnicmp strncasecmp
#define HAVE_GETOPT 1
#define HAVE_INET_ATON 1
#define HAVE_INET_PTON 1
#define HAVE_INET_NTOP 1
#define HAVE_SNPRINTF 1
#define HAVE_VSNPRINTF 1
#define HAVE_MMAP 1
#define HAVE_USLEEP 1
#define HAVE_SCHED_SETAFFINITY 1
#define HAVE_LIBM 1
#define GL_DOOM 1
#define USE_GLU_IMAGESCALE 1
#define USE_GLU_MIPMAP 1
#define USE_GLU_TESS 1
#define HAVE_SDL_JOYSTICKGETAXIS 1
#define HAVE_LIBPCREPOSIX 1
#define HAVE_LIBPNG 1
#define HAVE_IPv6 1
#define HIGHRES 1
#define SIMPLECHECKS 1
#define ZONEIDCHECK 1
#define DOGS 1

configure: exit 0
